Garuda CD startet on: 19:21:16 --- LiveMODX Tool started at: //=>> on Thursday ::: 2022.09.29 - 19:21 :::
Garuda CD startet on: 19:22:58 --- LiveMODX Tool started at: //=>> on Thursday ::: 2022.09.29 - 19:22 :::
Garuda CD startet on: 19:24:12 --- LiveMODX Tool started at: //=>> on Thursday ::: 2022.09.29 - 19:24 :::
Garuda CD startet on: 19:24:53 --- LiveMODX Tool started at: //=>> on Thursday ::: 2022.09.29 - 19:24 :::
Garuda CD startet on: 19:25:39 --- LiveMODX Tool started at: //=>> on Thursday ::: 2022.09.29 - 19:25 :::
Garuda CD startet on: 19:35:47 --- LiveMODX Tool started at: //=>> on Thursday ::: 2022.09.29 - 19:35 :::
Garuda CD startet on: 19:36:17 --- LiveMODX Tool started at: //=>> on Thursday ::: 2022.09.29 - 19:36 :::
Garuda CD startet on: 19:37:04 --- LiveMODX Tool started at: //=>> on Thursday ::: 2022.09.29 - 19:37 :::
Garuda CD startet on: 19:38:43 --- LiveMODX Tool started at: //=>> on Thursday ::: 2022.09.29 - 19:38 :::
Garuda CD startet on: 19:44:30 --- LiveMODX Tool started at: //=>> on Thursday ::: 2022.09.29 - 19:44 :::
Garuda CD startet on: 19:45:18 --- LiveMODX Tool started at: //=>> on Thursday ::: 2022.09.29 - 19:45 :::
Garuda CD startet on: 19:52:39 --- LiveMODX Tool started at: //=>> on Thursday ::: 2022.09.29 - 19:52 :::
Garuda CD startet on: 19:53:06 --- LiveMODX Tool started at: //=>> on Thursday ::: 2022.09.29 - 19:53 :::
Garuda CD startet on: 20:40:22 --- LiveMODX Tool started at: //=>> on Thursday ::: 2022.09.29 - 20:40 :::
Garuda CD startet on: 20:45:44 --- LiveMODX Tool started at: //=>> on Thursday ::: 2022.09.29 - 20:45 :::
Garuda CD startet on: 20:47:27 --- LiveMODX Tool started at: //=>> on Thursday ::: 2022.09.29 - 20:47 :::
Garuda CD startet on: 20:49:28 --- LiveMODX Tool started at: //=>> on Thursday ::: 2022.09.29 - 20:49 :::
Garuda CD startet on: 20:51:31 --- LiveMODX Tool started at: //=>> on Thursday ::: 2022.09.29 - 20:51 :::
 --- Garuda CD startet on: 20:57:31 --- LiveMODX Tool started at: //=>> on Thursday ::: 2022.09.29 - 20:57 :::
 --- Garuda CD startet on: 20:58:43 --- LiveMODX Tool started at: //=>> on Thursday ::: 2022.09.29 - 20:58 :::
 --- Garuda CD startet on: 21:03:13 --- LiveMODX Tool started at: //=>> on Thursday ::: 2022.09.29 - 21:03 :::
 --- Garuda CD startet on: 21:06:23 --- LiveMODX Tool started at: //=>> on Thursday ::: 2022.09.29 - 21:06 :::
 --- Garuda CD startet on: 21:10:22 --- LiveMODX Tool started at: //=>> on Thursday ::: 2022.09.29 - 21:10 :::
 --- Garuda CD startet on: 21:12:06 --- LiveMODX Tool started at: //=>> on Thursday ::: 2022.09.29 - 21:12 :::
 --- Garuda CD startet on: 21:13:09 --- LiveMODX Tool started at: //=>> on Thursday ::: 2022.09.29 - 21:13 :::
 --- Garuda CD startet on: 21:13:52 --- LiveMODX Tool started at: //=>> on Thursday ::: 2022.09.29 - 21:13 :::
 --- Garuda CD startet on: 21:15:51 --- LiveMODX Tool started at: //=>> on Thursday ::: 2022.09.29 - 21:15 :::
 --- Garuda CD startet on: 21:20:33 --- LiveMODX Tool started at: //=>> on Thursday ::: 2022.09.29 - 21:20 :::
 --- Garuda CD startet on: 21:25:43 --- LiveMODX Tool started at: //=>> on Thursday ::: 2022.09.29 - 21:25 :::
 --- Garuda CD startet on: 21:27:33 --- LiveMODX Tool started at: //=>> on Thursday ::: 2022.09.29 - 21:27 :::
 --- Garuda CD startet on: 21:30:33 --- LiveMODX Tool started at: //=>> on Thursday ::: 2022.09.29 - 21:30 :::
 --- Garuda CD startet on: 21:38:12 --- LiveMODX Tool started at: //=>> on Thursday ::: 2022.09.29 - 21:38 :::
 --- Garuda CD startet on: 21:38:54 --- LiveMODX Tool started at: //=>> on Thursday ::: 2022.09.29 - 21:38 :::
 --- Garuda CD startet on: 21:39:34 --- LiveMODX Tool started at: //=>> on Thursday ::: 2022.09.29 - 21:39 :::
 --- Garuda CD startet on: 21:40:11 --- LiveMODX Tool started at: //=>> on Thursday ::: 2022.09.29 - 21:40 :::
 --- Garuda CD startet on: 21:42:29 --- LiveMODX Tool started at: //=>> on Thursday ::: 2022.09.29 - 21:42 :::
 --- Garuda CD startet on: 21:43:53 --- LiveMODX Tool started at: //=>> on Thursday ::: 2022.09.29 - 21:43 :::
 --- Garuda CD startet on: 21:45:13 --- LiveMODX Tool started at: //=>> on Thursday ::: 2022.09.29 - 21:45 :::
 --- Garuda CD startet on: 21:45:47 --- LiveMODX Tool started at: //=>> on Thursday ::: 2022.09.29 - 21:45 :::
 --- Garuda CD startet on: 23:02:36 --- LiveMODX Tool started at: //=>> on Thursday ::: 2022.09.29 - 23:02 :::
 --- Garuda CD startet on: 23:03:49 --- LiveMODX Tool started at: //=>> on Thursday ::: 2022.09.29 - 23:03 :::
 --- Garuda CD startet on: 23:04:57 --- LiveMODX Tool started at: //=>> on Thursday ::: 2022.09.29 - 23:04 :::
 --- Garuda CD startet on: 23:09:32 --- LiveMODX Tool started at: //=>> on Thursday ::: 2022.09.29 - 23:09 :::
 --- Garuda CD startet on: 23:17:36 --- LiveMODX Tool started at: //=>> on Thursday ::: 2022.09.29 - 23:17 :::
 --- Garuda CD startet on: 23:19:21 --- LiveMODX Tool started at: //=>> on Thursday ::: 2022.09.29 - 23:19 :::
 --- Garuda CD startet on: 23:27:18 --- LiveMODX Tool started at: //=>> on Thursday ::: 2022.09.29 - 23:27 :::
 --- Garuda CD startet on: 23:30:39 --- LiveMODX Tool started at: //=>> on Thursday ::: 2022.09.29 - 23:30 :::
 --- Garuda CD startet on: 00:04:44 --- LiveMODX Tool started at: //=>> on Friday ::: 2022.09.30 - 00:04 :::
 --- Garuda CD startet on: 00:09:19 --- LiveMODX Tool started at: //=>> on Friday ::: 2022.09.30 - 00:09 :::
 --- Garuda CD startet on: 00:20:42 --- LiveMODX Tool started at: //=>> on Friday ::: 2022.09.30 - 00:20 :::
 --- Garuda CD startet on: 00:23:15 --- LiveMODX Tool started at: //=>> on Friday ::: 2022.09.30 - 00:23 :::
 --- Garuda CD startet on: 00:24:46 --- LiveMODX Tool started at: //=>> on Friday ::: 2022.09.30 - 00:24 :::
 --- Garuda CD startet on: 00:26:44 --- LiveMODX Tool started at: //=>> on Friday ::: 2022.09.30 - 00:26 :::
 --- Garuda CD startet on: 00:30:57 --- LiveMODX Tool started at: //=>> on Friday ::: 2022.09.30 - 00:30 :::
 --- Garuda CD startet on: 00:34:30 --- LiveMODX Tool started at: //=>> on Friday ::: 2022.09.30 - 00:34 :::
 --- Garuda CD startet on: 00:48:45 --- LiveMODX Tool started at: //=>> on Friday ::: 2022.09.30 - 00:48 :::
 --- Garuda CD startet on: 00:55:12 --- LiveMODX Tool started at: //=>> on Friday ::: 2022.09.30 - 00:55 :::
 --- Garuda CD startet on: 00:56:17 --- LiveMODX Tool started at: //=>> on Friday ::: 2022.09.30 - 00:56 :::
 --- Garuda CD startet on: 00:56:56 --- LiveMODX Tool started at: //=>> on Friday ::: 2022.09.30 - 00:56 :::
 --- Garuda CD startet on: 01:13:33 --- LiveMODX Tool started at: //=>> on Friday ::: 2022.09.30 - 01:13 :::
 --- Garuda CD startet on: 23:35:36 --- LiveMODX Tool started at: //=>> on Thursday ::: 2022.09.29 - 23:35 :::
 --- Garuda CD startet on: 23:39:19 --- LiveMODX Tool started at: //=>> on Thursday ::: 2022.09.29 - 23:39 :::
 --- Garuda CD startet on: 23:41:14 --- LiveMODX Tool started at: //=>> on Thursday ::: 2022.09.29 - 23:41 :::
 --- Garuda CD startet on: 23:50:24 --- LiveMODX Tool started at: //=>> on Thursday ::: 2022.09.29 - 23:50 :::
 --- Garuda CD startet on: 23:52:36 --- LiveMODX Tool started at: //=>> on Thursday ::: 2022.09.29 - 23:52 :::
 --- Garuda CD startet on: 00:06:25 --- LiveMODX Tool started at: //=>> on Friday ::: 2022.09.30 - 00:06 :::
 --- Garuda CD startet on: 00:07:50 --- LiveMODX Tool started at: //=>> on Friday ::: 2022.09.30 - 00:07 :::
 --- Garuda CD startet on: 00:10:23 --- LiveMODX Tool started at: //=>> on Friday ::: 2022.09.30 - 00:10 :::
 --- Garuda CD startet on: 00:12:14 --- LiveMODX Tool started at: //=>> on Friday ::: 2022.09.30 - 00:12 :::
 --- Garuda CD startet on: 00:12:29 --- LiveMODX Tool started at: //=>> on Friday ::: 2022.09.30 - 00:12 :::
 --- Garuda CD startet on: 02:47:35 --- LiveMODX Tool started at: //=>> on Friday ::: 2022.09.30 - 02:47 :::
 --- Garuda CD startet on: 02:50:38 --- LiveMODX Tool started at: //=>> on Friday ::: 2022.09.30 - 02:50 :::
 --- Garuda CD startet on: 02:52:14 --- LiveMODX Tool started at: //=>> on Friday ::: 2022.09.30 - 02:52 :::
 --- Garuda CD startet on: 02:54:55 --- LiveMODX Tool started at: //=>> on Friday ::: 2022.09.30 - 02:54 :::
 --- Garuda CD startet on: 02:55:47 --- LiveMODX Tool started at: //=>> on Friday ::: 2022.09.30 - 02:55 :::
 --- Garuda CD startet on: 02:58:10 --- LiveMODX Tool started at: //=>> on Friday ::: 2022.09.30 - 02:58 :::
 --- Garuda CD startet on: 02:58:31 --- LiveMODX Tool started at: //=>> on Friday ::: 2022.09.30 - 02:58 :::
 --- Garuda CD startet on: 03:01:23 --- LiveMODX Tool started at: //=>> on Friday ::: 2022.09.30 - 03:01 :::
 --- Garuda CD startet on: 05:33:20 --- LiveMODX Tool started at: //=>> on Friday ::: 2022.09.30 - 05:33 :::
 --- Garuda CD startet on: 05:34:31 --- LiveMODX Tool started at: //=>> on Friday ::: 2022.09.30 - 05:34 :::
 --- Garuda CD startet on: 05:35:26 --- LiveMODX Tool started at: //=>> on Friday ::: 2022.09.30 - 05:35 :::
 --- Garuda CD startet on: 05:36:26 --- LiveMODX Tool started at: //=>> on Friday ::: 2022.09.30 - 05:36 :::
 --- Garuda CD startet on: 05:37:06 --- LiveMODX Tool started at: //=>> on Friday ::: 2022.09.30 - 05:37 :::
 --- Garuda CD startet on: 05:38:30 --- LiveMODX Tool started at: //=>> on Friday ::: 2022.09.30 - 05:38 :::
 --- Garuda CD startet on: 05:40:40 --- LiveMODX Tool started at: //=>> on Friday ::: 2022.09.30 - 05:40 :::
 --- Garuda CD startet on: 05:41:20 --- LiveMODX Tool started at: //=>> on Friday ::: 2022.09.30 - 05:41 :::
 --- Garuda CD startet on: 05:42:14 --- LiveMODX Tool started at: //=>> on Friday ::: 2022.09.30 - 05:42 :::
 --- Garuda CD startet on: 05:42:48 --- LiveMODX Tool started at: //=>> on Friday ::: 2022.09.30 - 05:42 :::
 --- Garuda CD startet on: 05:43:09 --- LiveMODX Tool started at: //=>> on Friday ::: 2022.09.30 - 05:43 :::
 --- Garuda CD startet on: 05:45:20 --- LiveMODX Tool started at: //=>> on Friday ::: 2022.09.30 - 05:45 :::
 --- Garuda CD startet on: 08:43:43 --- LiveMODX Tool started at: //=>> on Friday ::: 2022.09.30 - 08:43 :::
 --- Garuda CD startet on: 08:56:06 --- LiveMODX Tool started at: //=>> on Friday ::: 2022.09.30 - 08:56 :::
 --- Garuda CD startet on: 08:59:48 --- LiveMODX Tool started at: //=>> on Friday ::: 2022.09.30 - 08:59 :::
 --- Garuda CD startet on: 09:07:13 --- LiveMODX Tool started at: //=>> on Friday ::: 2022.09.30 - 09:07 :::
 --- Garuda CD startet on: 09:08:36 --- LiveMODX Tool started at: //=>> on Friday ::: 2022.09.30 - 09:08 :::
 --- Garuda CD startet on: 09:09:54 --- LiveMODX Tool started at: //=>> on Friday ::: 2022.09.30 - 09:09 :::
 --- Garuda CD startet on: 09:11:40 --- LiveMODX Tool started at: //=>> on Friday ::: 2022.09.30 - 09:11 :::
 --- Garuda CD startet on: 09:14:13 --- LiveMODX Tool started at: //=>> on Friday ::: 2022.09.30 - 09:14 :::
 --- Garuda CD startet on: 09:15:08 --- LiveMODX Tool started at: //=>> on Friday ::: 2022.09.30 - 09:15 :::
 --- Garuda CD startet on: 09:16:42 --- LiveMODX Tool started at: //=>> on Friday ::: 2022.09.30 - 09:16 :::
 --- Garuda CD startet on: 09:17:40 --- LiveMODX Tool started at: //=>> on Friday ::: 2022.09.30 - 09:17 :::
 --- Garuda CD startet on: 15:54:32 --- LiveMODX Tool started at: //=>> on Friday ::: 2022.09.30 - 15:54 :::
 --- Garuda CD startet on: 15:57:40 --- LiveMODX Tool started at: //=>> on Friday ::: 2022.09.30 - 15:57 :::
 --- Garuda CD startet on: 15:59:12 --- LiveMODX Tool started at: //=>> on Friday ::: 2022.09.30 - 15:59 :::
 --- Garuda CD startet on: 16:08:40 --- LiveMODX Tool started at: //=>> on Friday ::: 2022.09.30 - 16:08 :::
 --- Garuda CD startet on: 20:03:26 --- LiveMODX Tool started at: //=>> on Friday ::: 2022.09.30 - 20:03 :::
 --- Garuda CD startet on: 20:20:39 --- LiveMODX Tool started at: //=>> on Friday ::: 2022.09.30 - 20:20 :::
 --- Garuda CD startet on: 20:25:52 --- LiveMODX Tool started at: //=>> on Friday ::: 2022.09.30 - 20:25 :::
 --- Garuda CD startet on: 20:32:02 --- LiveMODX Tool started at: //=>> on Friday ::: 2022.09.30 - 20:32 :::
 --- Garuda CD startet on: 21:33:36 --- LiveMODX Tool started at: //=>> on Friday ::: 2022.09.30 - 21:33 :::
 --- Garuda CD startet on: 04:01:39 --- LiveMODX Tool started at: //=>> on Saturday ::: 2022.10.01 - 04:01 :::
 --- Garuda CD startet on: 04:47:44 --- LiveMODX Tool started at: //=>> on Saturday ::: 2022.10.01 - 04:47 :::
 --- Garuda CD startet on: 19:04:06 --- LiveMODX Tool started at: //=>> on Saturday ::: 2022.10.01 - 19:04 :::
 --- Garuda CD startet on: 19:06:32 --- LiveMODX Tool started at: //=>> on Saturday ::: 2022.10.01 - 19:06 :::
 --- Garuda CD startet on: 19:07:13 --- LiveMODX Tool started at: //=>> on Saturday ::: 2022.10.01 - 19:07 :::
 --- Garuda CD startet on: 19:33:00 --- LiveMODX Tool started at: //=>> on Saturday ::: 2022.10.01 - 19:33 :::
 --- Garuda CD startet on: 19:33:30 --- LiveMODX Tool started at: //=>> on Saturday ::: 2022.10.01 - 19:33 :::
 --- Garuda CD startet on: 20:32:14 --- LiveMODX Tool started at: //=>> on Saturday ::: 2022.10.01 - 20:32 :::
 --- Garuda CD startet on: 20:32:43 --- LiveMODX Tool started at: //=>> on Saturday ::: 2022.10.01 - 20:32 :::
 --- Garuda CD startet on: 21:43:13 --- LiveMODX Tool started at: //=>> on Saturday ::: 2022.10.01 - 21:43 :::
 --- Garuda CD startet on: 21:44:09 --- LiveMODX Tool started at: //=>> on Saturday ::: 2022.10.01 - 21:44 :::
 --- Garuda CD startet on: 21:44:23 --- LiveMODX Tool started at: //=>> on Saturday ::: 2022.10.01 - 21:44 :::
 --- Garuda CD startet on: 23:55:30 --- LiveMODX Tool started at: //=>> on Saturday ::: 2022.10.01 - 23:55 :::
 --- Garuda CD startet on: 00:01:53 --- LiveMODX Tool started at: //=>> on Sunday ::: 2022.10.02 - 00:01 :::
 --- Garuda CD startet on: 23:07:59 --- LiveMODX Tool started at: //=>> on Saturday ::: 2022.10.01 - 23:07 :::
 --- Garuda CD startet on: 01:16:48 --- LiveMODX Tool started at: //=>> on Sunday ::: 2022.10.02 - 01:16 :::
 --- Garuda CD startet on: 01:22:04 --- LiveMODX Tool started at: //=>> on Sunday ::: 2022.10.02 - 01:22 :::
 --- Garuda CD startet on: 01:25:08 --- LiveMODX Tool started at: //=>> on Sunday ::: 2022.10.02 - 01:25 :::
 --- Garuda CD startet on: 01:35:00 --- LiveMODX Tool started at: //=>> on Sunday ::: 2022.10.02 - 01:35 :::
 --- Garuda CD startet on: 01:37:49 --- LiveMODX Tool started at: //=>> on Sunday ::: 2022.10.02 - 01:37 :::
 --- Garuda CD startet on: 01:39:48 --- LiveMODX Tool started at: //=>> on Sunday ::: 2022.10.02 - 01:39 :::
 --- Garuda CD startet on: 23:51:36 --- LiveMODX Tool started at: //=>> on Saturday ::: 2022.10.01 - 23:51 :::
 --- Garuda CD startet on: 03:15:25 --- LiveMODX Tool started at: //=>> on Sunday ::: 2022.10.02 - 03:15 :::
 --- Garuda CD startet on: 03:31:23 --- LiveMODX Tool started at: //=>> on Sunday ::: 2022.10.02 - 03:31 :::
 --- Garuda CD startet on: 03:48:03 --- LiveMODX Tool started at: //=>> on Sunday ::: 2022.10.02 - 03:48 :::
 --- Garuda CD startet on: 03:48:50 --- LiveMODX Tool started at: //=>> on Sunday ::: 2022.10.02 - 03:48 :::
 --- Garuda CD startet on: 07:43:53 --- LiveMODX Tool started at: //=>> on Sunday ::: 2022.10.02 - 07:43 :::
 --- Garuda CD startet on: 20:25:34 --- LiveMODX Tool started at: //=>> on Monday ::: 2022.10.17 - 20:25 :::
 --- Garuda CD startet on: 17:42:17 --- LiveMODX Tool started at: //=>> on Thursday ::: 2022.12.01 - 17:42 :::
 --- Garuda CD startet on: 17:43:35 --- LiveMODX Tool started at: //=>> on Thursday ::: 2022.12.01 - 17:43 :::
 --- Garuda CD startet on: 17:49:23 --- LiveMODX Tool started at: //=>> on Thursday ::: 2022.12.01 - 17:49 :::
 --- Garuda CD startet on: 17:51:10 --- LiveMODX Tool started at: //=>> on Thursday ::: 2022.12.01 - 17:51 :::
 --- Garuda CD startet on: 17:52:25 --- LiveMODX Tool started at: //=>> on Thursday ::: 2022.12.01 - 17:52 :::
 --- Garuda CD startet on: 17:55:39 --- LiveMODX Tool started at: //=>> on Thursday ::: 2022.12.01 - 17:55 :::
 --- Garuda CD startet on: 17:57:21 --- LiveMODX Tool started at: //=>> on Thursday ::: 2022.12.01 - 17:57 :::
 --- Garuda CD startet on: 17:58:32 --- LiveMODX Tool started at: //=>> on Thursday ::: 2022.12.01 - 17:58 :::
 --- Garuda CD startet on: 17:59:51 --- LiveMODX Tool started at: //=>> on Thursday ::: 2022.12.01 - 17:59 :::
 --- Garuda CD startet on: 18:00:41 --- LiveMODX Tool started at: //=>> on Thursday ::: 2022.12.01 - 18:00 :::
 --- Garuda CD startet on: 18:02:07 --- LiveMODX Tool started at: //=>> on Thursday ::: 2022.12.01 - 18:02 :::
 --- Garuda CD startet on: 18:03:39 --- LiveMODX Tool started at: //=>> on Thursday ::: 2022.12.01 - 18:03 :::
 --- Garuda CD startet on: 18:05:59 --- LiveMODX Tool started at: //=>> on Thursday ::: 2022.12.01 - 18:05 :::
 --- Garuda CD startet on: 06:32:13 --- LiveMODX Tool started at: //=>> on Friday ::: 2023.01.13 - 06:32 :::
 --- Garuda CD startet on: 06:34:13 --- LiveMODX Tool started at: //=>> on Friday ::: 2023.01.13 - 06:34 :::
 --- Garuda CD startet on: 06:02:49 --- LiveMODX Tool started at: //=>> on Friday ::: 2023.01.13 - 06:02 :::
 --- Garuda CD startet on: 07:41:31 --- LiveMODX Tool started at: //=>> on Friday ::: 2023.01.13 - 07:41 :::
 --- Garuda CD startet on: 07:42:14 --- LiveMODX Tool started at: //=>> on Friday ::: 2023.01.13 - 07:42 :::
 --- Garuda CD startet on: 07:43:09 --- LiveMODX Tool started at: //=>> on Friday ::: 2023.01.13 - 07:43 :::
 --- Garuda CD startet on: 07:45:38 --- LiveMODX Tool started at: //=>> on Friday ::: 2023.01.13 - 07:45 :::
 --- Garuda CD startet on: 07:46:52 --- LiveMODX Tool started at: //=>> on Friday ::: 2023.01.13 - 07:46 :::
 --- Garuda CD startet on: 07:47:39 --- LiveMODX Tool started at: //=>> on Friday ::: 2023.01.13 - 07:47 :::
 --- Garuda CD startet on: 07:48:43 --- LiveMODX Tool started at: //=>> on Friday ::: 2023.01.13 - 07:48 :::
 --- Garuda CD startet on: 07:49:32 --- LiveMODX Tool started at: //=>> on Friday ::: 2023.01.13 - 07:49 :::
 --- Garuda CD startet on: 07:53:23 --- LiveMODX Tool started at: //=>> on Friday ::: 2023.01.13 - 07:53 :::
 --- Garuda CD startet on: 08:30:11 --- LiveMODX Tool started at: //=>> on Friday ::: 2023.01.13 - 08:30 :::
 --- Garuda CD startet on: 08:39:42 --- LiveMODX Tool started at: //=>> on Friday ::: 2023.01.13 - 08:39 :::
 --- Garuda CD startet on: 08:41:05 --- LiveMODX Tool started at: //=>> on Friday ::: 2023.01.13 - 08:41 :::
 --- Garuda CD startet on: 08:41:31 --- LiveMODX Tool started at: //=>> on Friday ::: 2023.01.13 - 08:41 :::
 --- Garuda CD startet on: 08:41:44 --- LiveMODX Tool started at: //=>> on Friday ::: 2023.01.13 - 08:41 :::
 --- Garuda CD startet on: 08:42:10 --- LiveMODX Tool started at: //=>> on Friday ::: 2023.01.13 - 08:42 :::
 --- Garuda CD startet on: 08:42:22 --- LiveMODX Tool started at: //=>> on Friday ::: 2023.01.13 - 08:42 :::
 --- Garuda CD startet on: 08:42:36 --- LiveMODX Tool started at: //=>> on Friday ::: 2023.01.13 - 08:42 :::
 --- Garuda CD startet on: 08:43:30 --- LiveMODX Tool started at: //=>> on Friday ::: 2023.01.13 - 08:43 :::
 --- Garuda CD startet on: 08:45:04 --- LiveMODX Tool started at: //=>> on Friday ::: 2023.01.13 - 08:45 :::
 --- Garuda CD startet on: 08:47:08 --- LiveMODX Tool started at: //=>> on Friday ::: 2023.01.13 - 08:47 :::
 --- Garuda CD startet on: 08:48:13 --- LiveMODX Tool started at: //=>> on Friday ::: 2023.01.13 - 08:48 :::
 --- Garuda CD startet on: 08:49:04 --- LiveMODX Tool started at: //=>> on Friday ::: 2023.01.13 - 08:49 :::
 --- Garuda CD startet on: 08:50:05 --- LiveMODX Tool started at: //=>> on Friday ::: 2023.01.13 - 08:50 :::
 --- Garuda CD startet on: 08:52:50 --- LiveMODX Tool started at: //=>> on Friday ::: 2023.01.13 - 08:52 :::
 --- Garuda CD startet on: 08:53:20 --- LiveMODX Tool started at: //=>> on Friday ::: 2023.01.13 - 08:53 :::
 --- Garuda CD startet on: 08:54:44 --- LiveMODX Tool started at: //=>> on Friday ::: 2023.01.13 - 08:54 :::
 --- Garuda CD startet on: 09:09:46 --- LiveMODX Tool started at: //=>> on Friday ::: 2023.01.13 - 09:09 :::
 --- Garuda CD startet on: 09:10:49 --- LiveMODX Tool started at: //=>> on Friday ::: 2023.01.13 - 09:10 :::
 --- Garuda CD startet on: 09:12:32 --- LiveMODX Tool started at: //=>> on Friday ::: 2023.01.13 - 09:12 :::
 --- Garuda CD startet on: 09:30:59 --- LiveMODX Tool started at: //=>> on Friday ::: 2023.01.13 - 09:30 :::
 --- Garuda CD startet on: 10:13:53 --- LiveMODX Tool started at: //=>> on Friday ::: 2023.01.13 - 10:13 :::
 --- Garuda CD startet on: 13:01:05 --- LiveMODX Tool started at: //=>> on Friday ::: 2023.01.13 - 13:01 :::
 --- Garuda CD startet on: 13:41:54 --- LiveMODX Tool started at: //=>> on Friday ::: 2023.01.13 - 13:41 :::
 --- Garuda CD startet on: 13:48:55 --- LiveMODX Tool started at: //=>> on Friday ::: 2023.01.13 - 13:48 :::
 --- Garuda CD startet on: 13:50:47 --- LiveMODX Tool started at: //=>> on Friday ::: 2023.01.13 - 13:50 :::
 --- Garuda CD startet on: 13:51:46 --- LiveMODX Tool started at: //=>> on Friday ::: 2023.01.13 - 13:51 :::
 --- Garuda CD startet on: 13:55:39 --- LiveMODX Tool started at: //=>> on Friday ::: 2023.01.13 - 13:55 :::
 --- Garuda CD startet on: 13:58:27 --- LiveMODX Tool started at: //=>> on Friday ::: 2023.01.13 - 13:58 :::
 --- Garuda CD startet on: 14:01:43 --- LiveMODX Tool started at: //=>> on Friday ::: 2023.01.13 - 14:01 :::
 --- Garuda CD startet on: 14:04:04 --- LiveMODX Tool started at: //=>> on Friday ::: 2023.01.13 - 14:04 :::
 --- Garuda CD startet on: 14:08:19 --- LiveMODX Tool started at: //=>> on Friday ::: 2023.01.13 - 14:08 :::
 --- Garuda CD startet on: 14:14:05 --- LiveMODX Tool started at: //=>> on Friday ::: 2023.01.13 - 14:14 :::
 --- Garuda CD startet on: 14:20:20 --- LiveMODX Tool started at: //=>> on Friday ::: 2023.01.13 - 14:20 :::
 --- Garuda CD startet on: 14:28:55 --- LiveMODX Tool started at: //=>> on Friday ::: 2023.01.13 - 14:28 :::
 --- Garuda CD startet on: 14:36:56 --- LiveMODX Tool started at: //=>> on Friday ::: 2023.01.13 - 14:36 :::
 --- Garuda CD startet on: 14:39:01 --- LiveMODX Tool started at: //=>> on Friday ::: 2023.01.13 - 14:39 :::
 --- Garuda CD startet on: 14:43:51 --- LiveMODX Tool started at: //=>> on Friday ::: 2023.01.13 - 14:43 :::
 --- Garuda CD startet on: 15:17:31 --- LiveMODX Tool started at: //=>> on Friday ::: 2023.01.13 - 15:17 :::
 --- Garuda CD startet on: 15:21:16 --- LiveMODX Tool started at: //=>> on Friday ::: 2023.01.13 - 15:21 :::
 --- Garuda CD startet on: 14:34:00 --- LiveMODX Tool started at: //=>> on Friday ::: 2023.01.13 - 14:34 :::
 --- Garuda CD startet on: 14:35:09 --- LiveMODX Tool started at: //=>> on Friday ::: 2023.01.13 - 14:35 :::
 --- Garuda CD startet on: 15:37:15 --- LiveMODX Tool started at: //=>> on Friday ::: 2023.01.13 - 15:37 :::
 --- Garuda CD startet on: 14:56:29 --- LiveMODX Tool started at: //=>> on Friday ::: 2023.01.13 - 14:56 :::
 --- Garuda CD startet on: 16:10:09 --- LiveMODX Tool started at: //=>> on Friday ::: 2023.01.13 - 16:10 :::
 --- Garuda CD startet on: 16:16:28 --- LiveMODX Tool started at: //=>> on Friday ::: 2023.01.13 - 16:16 :::
 --- Garuda CD startet on: 16:25:08 --- LiveMODX Tool started at: //=>> on Friday ::: 2023.01.13 - 16:25 :::
 --- Garuda CD startet on: 16:40:11 --- LiveMODX Tool started at: //=>> on Friday ::: 2023.01.13 - 16:40 :::
 --- Garuda CD startet on: 16:43:31 --- LiveMODX Tool started at: //=>> on Friday ::: 2023.01.13 - 16:43 :::
 --- Garuda CD startet on: 15:58:50 --- LiveMODX Tool started at: //=>> on Friday ::: 2023.01.13 - 15:58 :::
 --- Garuda CD startet on: 17:45:32 --- LiveMODX Tool started at: //=>> on Friday ::: 2023.01.13 - 17:45 :::
 --- Garuda CD startet on: 18:00:49 --- LiveMODX Tool started at: //=>> on Friday ::: 2023.01.13 - 18:00 :::
 --- Garuda CD startet on: 18:04:59 --- LiveMODX Tool started at: //=>> on Friday ::: 2023.01.13 - 18:04 :::
 --- Garuda CD startet on: 18:06:31 --- LiveMODX Tool started at: //=>> on Friday ::: 2023.01.13 - 18:06 :::
 --- Garuda CD startet on: 18:47:46 --- LiveMODX Tool started at: //=>> on Friday ::: 2023.01.13 - 18:47 :::
 --- Garuda CD startet on: 18:55:34 --- LiveMODX Tool started at: //=>> on Friday ::: 2023.01.13 - 18:55 :::
 --- Garuda CD startet on: 18:56:31 --- LiveMODX Tool started at: //=>> on Friday ::: 2023.01.13 - 18:56 :::
 --- Garuda CD startet on: 18:01:58 --- LiveMODX Tool started at: //=>> on Friday ::: 2023.01.13 - 18:01 :::
 --- Garuda CD startet on: 18:04:56 --- LiveMODX Tool started at: //=>> on Friday ::: 2023.01.13 - 18:04 :::
 --- Garuda CD startet on: 19:08:56 --- LiveMODX Tool started at: //=>> on Friday ::: 2023.01.13 - 19:08 :::
 --- Garuda CD startet on: 18:20:52 --- LiveMODX Tool started at: //=>> on Friday ::: 2023.01.13 - 18:20 :::
 --- Garuda CD startet on: 18:52:55 --- LiveMODX Tool started at: //=>> on Friday ::: 2023.01.13 - 18:52 :::
 --- Garuda CD startet on: 20:35:28 --- LiveMODX Tool started at: //=>> on Friday ::: 2023.01.13 - 20:35 :::
 --- Garuda CD startet on: 19:40:49 --- LiveMODX Tool started at: //=>> on Friday ::: 2023.01.13 - 19:40 :::
 --- Garuda CD startet on: 19:43:09 --- LiveMODX Tool started at: //=>> on Friday ::: 2023.01.13 - 19:43 :::
 --- Garuda CD startet on: 19:45:59 --- LiveMODX Tool started at: //=>> on Friday ::: 2023.01.13 - 19:45 :::
 --- Garuda CD startet on: 19:46:15 --- LiveMODX Tool started at: //=>> on Friday ::: 2023.01.13 - 19:46 :::
 --- Garuda CD startet on: 19:49:26 --- LiveMODX Tool started at: //=>> on Friday ::: 2023.01.13 - 19:49 :::
 --- Garuda CD startet on: 19:49:49 --- LiveMODX Tool started at: //=>> on Friday ::: 2023.01.13 - 19:49 :::
 --- Garuda CD startet on: 19:53:41 --- LiveMODX Tool started at: //=>> on Friday ::: 2023.01.13 - 19:53 :::
 --- Garuda CD startet on: 19:59:35 --- LiveMODX Tool started at: //=>> on Friday ::: 2023.01.13 - 19:59 :::
 --- Garuda CD startet on: 20:00:36 --- LiveMODX Tool started at: //=>> on Friday ::: 2023.01.13 - 20:00 :::
 --- Garuda CD startet on: 20:04:47 --- LiveMODX Tool started at: //=>> on Friday ::: 2023.01.13 - 20:04 :::
 --- Garuda CD startet on: 21:09:49 --- LiveMODX Tool started at: //=>> on Friday ::: 2023.01.13 - 21:09 :::
 --- Garuda CD startet on: 21:11:08 --- LiveMODX Tool started at: //=>> on Friday ::: 2023.01.13 - 21:11 :::
 --- Garuda CD startet on: 21:18:40 --- LiveMODX Tool started at: //=>> on Friday ::: 2023.01.13 - 21:18 :::
 --- Garuda CD startet on: 21:19:51 --- LiveMODX Tool started at: //=>> on Friday ::: 2023.01.13 - 21:19 :::
 --- Garuda CD startet on: 21:24:47 --- LiveMODX Tool started at: //=>> on Friday ::: 2023.01.13 - 21:24 :::
 --- Garuda CD startet on: 21:35:03 --- LiveMODX Tool started at: //=>> on Friday ::: 2023.01.13 - 21:35 :::
 --- Garuda CD startet on: 22:04:59 --- LiveMODX Tool started at: //=>> on Friday ::: 2023.01.13 - 22:04 :::
 --- Garuda CD startet on: 22:06:58 --- LiveMODX Tool started at: //=>> on Friday ::: 2023.01.13 - 22:06 :::
 --- Garuda CD startet on: 22:08:24 --- LiveMODX Tool started at: //=>> on Friday ::: 2023.01.13 - 22:08 :::
 --- Garuda CD startet on: 22:17:15 --- LiveMODX Tool started at: //=>> on Friday ::: 2023.01.13 - 22:17 :::
 --- Garuda CD startet on: 22:22:58 --- LiveMODX Tool started at: //=>> on Friday ::: 2023.01.13 - 22:22 :::
 --- Garuda CD startet on: 23:20:47 --- LiveMODX Tool started at: //=>> on Friday ::: 2023.01.13 - 23:20 :::
 --- Garuda CD startet on: 23:50:27 --- LiveMODX Tool started at: //=>> on Friday ::: 2023.01.13 - 23:50 :::
 --- Garuda CD startet on: 00:14:01 --- LiveMODX Tool started at: //=>> on Saturday ::: 2023.01.14 - 00:14 :::
 --- Garuda CD startet on: 00:43:01 --- LiveMODX Tool started at: //=>> on Saturday ::: 2023.01.14 - 00:43 :::
 --- Garuda CD startet on: 00:52:00 --- LiveMODX Tool started at: //=>> on Saturday ::: 2023.01.14 - 00:52 :::
 --- Garuda CD startet on: 01:03:49 --- LiveMODX Tool started at: //=>> on Saturday ::: 2023.01.14 - 01:03 :::
 --- Garuda CD startet on: 01:12:03 --- LiveMODX Tool started at: //=>> on Saturday ::: 2023.01.14 - 01:12 :::
 --- Garuda CD startet on: 00:19:04 --- LiveMODX Tool started at: //=>> on Saturday ::: 2023.01.14 - 00:19 :::
 --- Garuda CD startet on: 00:29:15 --- LiveMODX Tool started at: //=>> on Saturday ::: 2023.01.14 - 00:29 :::
 --- Garuda CD startet on: 00:35:00 --- LiveMODX Tool started at: //=>> on Saturday ::: 2023.01.14 - 00:35 :::
 --- Garuda CD startet on: 02:02:14 --- LiveMODX Tool started at: //=>> on Saturday ::: 2023.01.14 - 02:02 :::
 --- Garuda CD startet on: 02:05:37 --- LiveMODX Tool started at: //=>> on Saturday ::: 2023.01.14 - 02:05 :::
 --- Garuda CD startet on: 12:20:18 --- LiveMODX Tool started at: //=>> on Saturday ::: 2023.01.14 - 12:20 :::
 --- Garuda CD startet on: 12:52:14 --- LiveMODX Tool started at: //=>> on Saturday ::: 2023.01.14 - 12:52 :::
 --- Garuda CD startet on: 13:05:15 --- LiveMODX Tool started at: //=>> on Saturday ::: 2023.01.14 - 13:05 :::
 --- Garuda CD startet on: 14:12:14 --- LiveMODX Tool started at: //=>> on Saturday ::: 2023.01.14 - 14:12 :::
 --- Garuda CD startet on: 13:18:37 --- LiveMODX Tool started at: //=>> on Saturday ::: 2023.01.14 - 13:18 :::
 --- Garuda CD startet on: 15:39:13 --- LiveMODX Tool started at: //=>> on Saturday ::: 2023.01.14 - 15:39 :::
 --- Garuda CD startet on: 17:21:58 --- LiveMODX Tool started at: //=>> on Saturday ::: 2023.01.14 - 17:21 :::
 --- Garuda CD startet on: 17:53:52 --- LiveMODX Tool started at: //=>> on Saturday ::: 2023.01.14 - 17:53 :::
 --- Garuda CD startet on: 19:33:41 --- LiveMODX Tool started at: //=>> on Saturday ::: 2023.01.14 - 19:33 :::
 --- Garuda CD startet on: 20:13:02 --- LiveMODX Tool started at: //=>> on Saturday ::: 2023.01.14 - 20:13 :::
 --- Garuda CD startet on: 20:17:54 --- LiveMODX Tool started at: //=>> on Saturday ::: 2023.01.14 - 20:17 :::
 --- Garuda CD startet on: 20:52:23 --- LiveMODX Tool started at: //=>> on Saturday ::: 2023.01.14 - 20:52 :::
 --- Garuda CD startet on: 21:59:38 --- LiveMODX Tool started at: //=>> on Saturday ::: 2023.01.14 - 21:59 :::
 --- Garuda CD startet on: 22:01:13 --- LiveMODX Tool started at: //=>> on Saturday ::: 2023.01.14 - 22:01 :::
 --- Garuda CD startet on: 21:07:02 --- LiveMODX Tool started at: //=>> on Saturday ::: 2023.01.14 - 21:07 :::
 --- Garuda CD startet on: 22:27:22 --- LiveMODX Tool started at: //=>> on Saturday ::: 2023.01.14 - 22:27 :::
 --- Garuda CD startet on: 22:33:40 --- LiveMODX Tool started at: //=>> on Saturday ::: 2023.01.14 - 22:33 :::
 --- Garuda CD startet on: 22:35:06 --- LiveMODX Tool started at: //=>> on Saturday ::: 2023.01.14 - 22:35 :::
 --- Garuda CD startet on: 11:11:31 --- LiveMODX Tool started at: //=>> on Sunday ::: 2023.01.15 - 11:11 :::
 --- Garuda CD startet on: 00:12:16 --- LiveMODX Tool started at: //=>> on Monday ::: 2023.01.16 - 00:12 :::
 --- Garuda CD startet on: 02:19:16 --- LiveMODX Tool started at: //=>> on Monday ::: 2023.01.16 - 02:19 :::
 --- Garuda CD startet on: 05:57:32 --- LiveMODX Tool started at: //=>> on Monday ::: 2023.01.16 - 05:57 :::
 --- Garuda CD startet on: 06:56:50 --- LiveMODX Tool started at: //=>> on Monday ::: 2023.01.16 - 06:56 :::
 --- Garuda CD startet on: 07:13:18 --- LiveMODX Tool started at: //=>> on Monday ::: 2023.01.16 - 07:13 :::
 --- Garuda CD startet on: 06:40:12 --- LiveMODX Tool started at: //=>> on Tuesday ::: 2023.01.17 - 06:40 :::
 --- Garuda CD startet on: 12:43:41 --- LiveMODX Tool started at: //=>> on Tuesday ::: 2023.01.17 - 12:43 :::
 --- Garuda CD startet on: 15:28:56 --- LiveMODX Tool started at: //=>> on Tuesday ::: 2023.01.17 - 15:28 :::
 --- Garuda CD startet on: 16:12:13 --- LiveMODX Tool started at: //=>> on Tuesday ::: 2023.01.17 - 16:12 :::
 --- Garuda CD startet on: 01:50:44 --- LiveMODX Tool started at: //=>> on Thursday ::: 2023.01.19 - 01:50 :::
 --- Garuda CD startet on: 21:02:39 --- LiveMODX Tool started at: //=>> on Saturday ::: 2023.01.21 - 21:02 :::
 --- Garuda CD startet on: 00:39:42 --- LiveMODX Tool started at: //=>> on Sunday ::: 2023.01.22 - 00:39 :::
 --- Garuda CD startet on: 05:20:19 --- LiveMODX Tool started at: //=>> on Sunday ::: 2023.01.22 - 05:20 :::
 --- Garuda CD startet on: 16:06:22 --- LiveMODX Tool started at: //=>> on Monday ::: 2023.01.23 - 16:06 :::
 --- Garuda CD startet on: 00:28:47 --- LiveMODX Tool started at: //=>> on Tuesday ::: 2023.01.24 - 00:28 :::
 --- Garuda CD startet on: 00:49:03 --- LiveMODX Tool started at: //=>> on Tuesday ::: 2023.01.24 - 00:49 :::
 --- Garuda CD startet on: 01:25:19 --- LiveMODX Tool started at: //=>> on Tuesday ::: 2023.01.24 - 01:25 :::
 --- Garuda CD startet on: 01:27:16 --- LiveMODX Tool started at: //=>> on Tuesday ::: 2023.01.24 - 01:27 :::
 --- Garuda CD startet on: 21:32:48 --- LiveMODX Tool started at: //=>> on Sunday ::: 2023.03.26 - 21:32 :::
 --- Garuda CD startet on: 00:39:25 --- LiveMODX Tool started at: //=>> on Monday ::: 2023.03.27 - 00:39 :::
 --- Garuda CD startet on: 00:52:14 --- LiveMODX Tool started at: //=>> on Monday ::: 2023.03.27 - 00:52 :::
 --- Garuda CD startet on: 03:41:58 --- LiveMODX Tool started at: //=>> on Tuesday ::: 2023.03.28 - 03:41 :::
 --- Garuda CD startet on: 03:52:42 --- LiveMODX Tool started at: //=>> on Tuesday ::: 2023.03.28 - 03:52 :::
 --- Garuda CD startet on: 00:39:19 --- LiveMODX Tool started at: //=>> on Tuesday ::: 2023.03.28 - 00:39 :::
 --- Garuda CD startet on: 12:51:51 --- LiveMODX Tool started at: //=>> on Tuesday ::: 2023.03.28 - 12:51 :::
 --- Garuda CD startet on: 13:01:26 --- LiveMODX Tool started at: //=>> on Tuesday ::: 2023.03.28 - 13:01 :::
 --- Garuda CD startet on: 11:15:08 --- LiveMODX Tool started at: //=>> on Tuesday ::: 2023.03.28 - 11:15 :::
 --- Garuda CD startet on: 14:57:30 --- LiveMODX Tool started at: //=>> on Tuesday ::: 2023.03.28 - 14:57 :::
 --- Garuda CD startet on: 02:42:01 --- LiveMODX Tool started at: //=>> on Friday ::: 2023.03.31 - 02:42 :::
 --- Garuda CD startet on: 02:53:36 --- LiveMODX Tool started at: //=>> on Friday ::: 2023.03.31 - 02:53 :::
 --- Garuda CD startet on: 01:01:33 --- LiveMODX Tool started at: //=>> on Friday ::: 2023.03.31 - 01:01 :::
 --- Garuda CD startet on: 16:16:37 --- LiveMODX Tool started at: //=>> on Friday ::: 2023.04.07 - 16:16 :::
 --- Garuda CD startet on: 16:21:36 --- LiveMODX Tool started at: //=>> on Friday ::: 2023.04.07 - 16:21 :::
 --- Garuda CD startet on: 16:24:25 --- LiveMODX Tool started at: //=>> on Friday ::: 2023.04.07 - 16:24 :::
 --- Garuda CD startet on: 16:55:58 --- LiveMODX Tool started at: //=>> on Friday ::: 2023.04.07 - 16:55 :::
 --- Garuda CD startet on: 17:21:32 --- LiveMODX Tool started at: //=>> on Friday ::: 2023.04.07 - 17:21 :::
 --- Garuda CD startet on: 23:15:26 --- LiveMODX Tool started at: //=>> on Friday ::: 2023.04.07 - 23:15 :::
 --- Garuda CD startet on: 14:54:17 --- LiveMODX Tool started at: //=>> on Sunday ::: 2023.04.09 - 14:54 :::
 --- Garuda CD startet on: 15:06:01 --- LiveMODX Tool started at: //=>> on Sunday ::: 2023.04.09 - 15:06 :::
 --- Garuda CD startet on: 17:06:46 --- LiveMODX Tool started at: //=>> on Sunday ::: 2023.04.09 - 17:06 :::
 --- Garuda CD startet on: 17:10:13 --- LiveMODX Tool started at: //=>> on Sunday ::: 2023.04.09 - 17:10 :::
 --- Garuda CD startet on: 17:11:04 --- LiveMODX Tool started at: //=>> on Sunday ::: 2023.04.09 - 17:11 :::
 --- Garuda CD startet on: 17:19:22 --- LiveMODX Tool started at: //=>> on Sunday ::: 2023.04.09 - 17:19 :::
 --- Garuda CD startet on: 17:34:37 --- LiveMODX Tool started at: //=>> on Sunday ::: 2023.04.09 - 17:34 :::
 --- Garuda CD startet on: 06:38:33 --- LiveMODX Tool started at: //=>> on Tuesday ::: 2023.04.11 - 06:38 :::
 --- Garuda CD startet on: 06:49:21 --- LiveMODX Tool started at: //=>> on Tuesday ::: 2023.04.11 - 06:49 :::
 --- Garuda CD startet on: 09:58:20 --- LiveMODX Tool started at: //=>> on Monday ::: 2023.05.29 - 09:58 :::
 --- Garuda CD startet on: 11:37:03 --- LiveMODX Tool started at: //=>> on Monday ::: 2023.05.29 - 11:37 :::
 --- Garuda CD startet on: 12:01:35 --- LiveMODX Tool started at: //=>> on Monday ::: 2023.05.29 - 12:01 :::
 --- Garuda CD startet on: 12:36:19 --- LiveMODX Tool started at: //=>> on Monday ::: 2023.05.29 - 12:36 :::
 --- Garuda CD startet on: 12:53:49 --- LiveMODX Tool started at: //=>> on Monday ::: 2023.05.29 - 12:53 :::
 --- Garuda CD startet on: 13:12:14 --- LiveMODX Tool started at: //=>> on Monday ::: 2023.05.29 - 13:12 :::
