[2023-01-17T16:12:22+0100] [PACMAN] Running 'pacman -Sy'
[2023-01-17T16:12:22+0100] [PACMAN] synchronizing package lists
[2023-01-17T16:12:24+0100] [PACMAN] Running 'pacman -Rdd --noconfirm poppler wl-clipboard lib32-libelf libelf noto-fonts ttf-iosevka-nerd garuda-wallpapers ttf-fira-sans mesa-demos lib32-mesa-demos fwupd gnome-firmware'
[2023-01-17T16:12:24+0100] [ALPM] running '05-snap-pac-pre.hook'...
[2023-01-17T16:12:25+0100] [ALPM-SCRIPTLET] IO Error (subvolume is not a btrfs subvolume).
[2023-01-17T16:12:25+0100] [ALPM-SCRIPTLET] ==> root: 
[2023-01-17T16:12:25+0100] [ALPM] transaction started
[2023-01-17T16:12:26+0100] [ALPM] removed poppler (22.08.0-1)
[2023-01-17T16:12:26+0100] [ALPM] removed wl-clipboard (1:2.1.0-2)
[2023-01-17T16:12:26+0100] [ALPM] removed lib32-libelf (0.187-1)
[2023-01-17T16:12:26+0100] [ALPM] removed libelf (0.187-2)
[2023-01-17T16:12:26+0100] [ALPM] removed noto-fonts (20220607-1)
[2023-01-17T16:12:26+0100] [ALPM] removed ttf-iosevka-nerd (2.1.0-2)
[2023-01-17T16:12:26+0100] [ALPM] removed garuda-wallpapers (r75.f168bbe-1)
[2023-01-17T16:12:26+0100] [ALPM] removed ttf-fira-sans (1:4.301-2)
[2023-01-17T16:12:26+0100] [ALPM] removed mesa-demos (8.5.0-2)
[2023-01-17T16:12:27+0100] [ALPM] removed lib32-mesa-demos (8.5.0-1)
[2023-01-17T16:12:27+0100] [ALPM] removed fwupd (1.8.3-1)
[2023-01-17T16:12:27+0100] [ALPM] removed gnome-firmware (42.2-1)
[2023-01-17T16:12:40+0100] [ALPM] transaction completed
[2023-01-17T16:12:40+0100] [ALPM] running '30-systemd-daemon-reload.hook'...
[2023-01-17T16:12:41+0100] [ALPM] running '30-systemd-udev-reload.hook'...
[2023-01-17T16:12:41+0100] [ALPM] running '30-systemd-update.hook'...
[2023-01-17T16:12:41+0100] [ALPM] running '40-fontconfig-config.hook'...
[2023-01-17T16:12:41+0100] [ALPM] running 'dbus-reload.hook'...
[2023-01-17T16:12:41+0100] [ALPM] running 'fontconfig.hook'...
[2023-01-17T16:12:43+0100] [ALPM] running 'gtk-update-icon-cache.hook'...
[2023-01-17T16:12:43+0100] [ALPM] running 'pacnew-check.hook'...
[2023-01-17T16:12:43+0100] [ALPM] running 'update-desktop-database.hook'...
[2023-01-17T16:12:43+0100] [ALPM] running 'zz-snap-pac-post.hook'...
[2023-01-17T16:12:43+0100] [ALPM-SCRIPTLET] Invalid snapshot '--type'.
[2023-01-17T16:12:43+0100] [ALPM-SCRIPTLET] ==> root: 
[2023-01-17T16:12:43+0100] [ALPM] running 'zzz_post.hook'...
[2023-01-17T16:12:44+0100] [PACMAN] Running 'pacman -Rdd --noconfirm snapper snapper-tools snap-pac firedragon kfiredragonhelper garuda-browser-settings garuda-common-settings garuda-system-maintenance garuda-migrations archlinux-appstream-data-pamac libpamac-aur pamac-aur'
[2023-01-17T16:12:44+0100] [ALPM] running '05-snap-pac-pre.hook'...
[2023-01-17T16:12:44+0100] [ALPM-SCRIPTLET] IO Error (subvolume is not a btrfs subvolume).
[2023-01-17T16:12:44+0100] [ALPM-SCRIPTLET] ==> root: 
[2023-01-17T16:12:45+0100] [ALPM] running '10-snap-pac-removal.hook'...
[2023-01-17T16:12:45+0100] [ALPM] transaction started
[2023-01-17T16:12:45+0100] [ALPM] warning: /etc/conf.d/snapper saved as /etc/conf.d/snapper.pacsave
[2023-01-17T16:12:45+0100] [ALPM] removed snapper (0.10.2-2)
[2023-01-17T16:12:45+0100] [ALPM] removed snapper-tools (1.1.1-2)
[2023-01-17T16:12:45+0100] [ALPM] removed snap-pac (3.0.1-1)
[2023-01-17T16:12:45+0100] [ALPM] removed firedragon (103.0.2-1)
[2023-01-17T16:12:45+0100] [ALPM] removed kfiredragonhelper (5.0.6-1)
[2023-01-17T16:12:45+0100] [ALPM] removed garuda-browser-settings (1.2.2-1)
[2023-01-17T16:12:45+0100] [ALPM] removed garuda-common-settings (2.6.6-1)
[2023-01-17T16:12:45+0100] [ALPM] removed garuda-system-maintenance (1.6.1-1)
[2023-01-17T16:12:45+0100] [ALPM] removed garuda-migrations (1.5.0-1)
[2023-01-17T16:12:46+0100] [ALPM] removed archlinux-appstream-data-pamac (1:20220727-1)
[2023-01-17T16:12:46+0100] [ALPM] warning: /etc/pamac.conf saved as /etc/pamac.conf.pacsave
[2023-01-17T16:12:46+0100] [ALPM] removed libpamac-aur (11.3.1-0)
[2023-01-17T16:12:46+0100] [ALPM] removed pamac-aur (10.4.2-0)
[2023-01-17T16:12:46+0100] [ALPM] transaction completed
[2023-01-17T16:12:46+0100] [ALPM] running '30-systemd-daemon-reload.hook'...
[2023-01-17T16:12:47+0100] [ALPM] running '30-systemd-udev-reload.hook'...
[2023-01-17T16:12:47+0100] [ALPM] running '30-systemd-update.hook'...
[2023-01-17T16:12:47+0100] [ALPM] running '30-update-mime-database.hook'...
[2023-01-17T16:12:48+0100] [ALPM] running '90-update-appstream-cache.hook'...
[2023-01-17T16:12:48+0100] [ALPM-SCRIPTLET] ✔ Metadata cache was updated successfully.
[2023-01-17T16:12:48+0100] [ALPM] running 'dbus-reload.hook'...
[2023-01-17T16:12:48+0100] [ALPM] running 'gtk-update-icon-cache.hook'...
[2023-01-17T16:12:48+0100] [ALPM] running 'pacnew-check.hook'...
[2023-01-17T16:12:49+0100] [ALPM] running 'update-desktop-database.hook'...
[2023-01-17T16:12:49+0100] [ALPM] running 'zzz_post.hook'...
[2023-01-17T16:12:49+0100] [PACMAN] Running 'pacman -Sy'
[2023-01-17T16:12:49+0100] [PACMAN] synchronizing package lists
[2023-01-17T16:12:51+0100] [PACMAN] Running 'pacman -Sy --noconfirm archlinux-keyring'
[2023-01-17T16:12:51+0100] [PACMAN] synchronizing package lists
[2023-01-17T16:15:18+0100] [PACMAN] Running 'pacman -Sy --noconfirm --noconfirm archlinux-keyring'
[2023-01-17T16:15:18+0100] [PACMAN] synchronizing package lists
[2023-01-17T16:15:19+0100] [ALPM] running '01-snapshot-reject.hook'...
[2023-01-17T16:15:19+0100] [ALPM] transaction started
[2023-01-17T16:15:19+0100] [ALPM] upgraded archlinux-keyring (20220727-1 -> 20221220-1)
[2023-01-17T16:15:20+0100] [ALPM-SCRIPTLET] ==> Appending keys from archlinux.gpg...
[2023-01-17T16:15:29+0100] [ALPM-SCRIPTLET] ==> Locally signing trusted keys in keyring...
[2023-01-17T16:15:29+0100] [ALPM-SCRIPTLET]   -> Locally signed 1 keys.
[2023-01-17T16:15:29+0100] [ALPM-SCRIPTLET] ==> Importing owner trust values...
[2023-01-17T16:15:29+0100] [ALPM-SCRIPTLET] gpg: inserting ownertrust of 4
[2023-01-17T16:15:29+0100] [ALPM-SCRIPTLET] ==> Disabling revoked keys in keyring...
[2023-01-17T16:15:41+0100] [ALPM-SCRIPTLET]   -> Disabled 6 keys.
[2023-01-17T16:15:41+0100] [ALPM-SCRIPTLET] ==> Updating trust database...
[2023-01-17T16:15:43+0100] [ALPM-SCRIPTLET] gpg: marginals needed: 3  completes needed: 1  trust model: pgp
[2023-01-17T16:15:43+0100] [ALPM-SCRIPTLET] gpg: depth: 0  valid:   1  signed:  12  trust: 0-, 0q, 0n, 0m, 0f, 1u
[2023-01-17T16:15:43+0100] [ALPM-SCRIPTLET] gpg: depth: 1  valid:  12  signed:  95  trust: 0-, 0q, 0n, 12m, 0f, 0u
[2023-01-17T16:15:43+0100] [ALPM-SCRIPTLET] gpg: depth: 2  valid:  75  signed:  26  trust: 75-, 0q, 0n, 0m, 0f, 0u
[2023-01-17T16:15:43+0100] [ALPM-SCRIPTLET] gpg: next trustdb check due at 2023-03-30
[2023-01-17T16:15:43+0100] [ALPM-SCRIPTLET] ==> Updating trust database...
[2023-01-17T16:15:43+0100] [ALPM-SCRIPTLET] gpg: next trustdb check due at 2023-03-30
[2023-01-17T16:15:43+0100] [ALPM] transaction completed
[2023-01-17T16:15:43+0100] [ALPM] running '30-systemd-daemon-reload.hook'...
[2023-01-17T16:15:44+0100] [ALPM] running '30-systemd-update.hook'...
[2023-01-17T16:15:44+0100] [ALPM] running 'pacnew-check.hook'...
[2023-01-17T16:15:44+0100] [ALPM] running 'zzz_post.hook'...
[2023-01-17T16:15:51+0100] [PACMAN] Running 'pacman -S --noconfirm wayfire waybar wf-shell fmt spdlog wireplumber'
[2023-01-17T16:15:53+0100] [ALPM] running '01-snapshot-reject.hook'...
[2023-01-17T16:15:53+0100] [ALPM] transaction started
[2023-01-17T16:15:54+0100] [ALPM] upgraded wlroots (0.15.1-6 -> 0.16.1-2)
[2023-01-17T16:15:54+0100] [ALPM] upgraded wayfire (0.7.4-1 -> 0.7.5-1)
[2023-01-17T16:15:54+0100] [ALPM] upgraded fmt (8.1.1-2 -> 9.1.0-4)
[2023-01-17T16:15:54+0100] [ALPM] upgraded spdlog (1.10.0-2 -> 1.11.0-2)
[2023-01-17T16:15:54+0100] [ALPM] installed libwireplumber (0.4.13-1)
[2023-01-17T16:15:54+0100] [ALPM] upgraded wireplumber (0.4.11-4 -> 0.4.13-1)
[2023-01-17T16:15:54+0100] [ALPM] upgraded waybar (0.9.13-1 -> 0.9.17-1)
[2023-01-17T16:15:54+0100] [ALPM] upgraded wf-shell (0.7.0-2 -> 0.7.0-3)
[2023-01-17T16:15:54+0100] [ALPM] transaction completed
[2023-01-17T16:15:54+0100] [ALPM] running '30-systemd-update.hook'...
[2023-01-17T16:15:54+0100] [ALPM] running 'pacnew-check.hook'...
[2023-01-17T16:15:55+0100] [ALPM] running 'zzz_post.hook'...
[2023-01-17T16:15:56+0100] [PACMAN] Running 'pacman -S --noconfirm librewolf opera xorg-xhost shellcheck openssl openssl-1.1 libdrm wayland-protocols exa starship libgit2'
[2023-01-17T16:16:14+0100] [ALPM] running '01-snapshot-reject.hook'...
[2023-01-17T16:16:15+0100] [ALPM] transaction started
[2023-01-17T16:16:15+0100] [ALPM] upgraded openssl (1.1.1.q-1 -> 3.0.7-4)
[2023-01-17T16:16:15+0100] [ALPM] upgraded libdrm (2.4.112-1 -> 2.4.114-1)
[2023-01-17T16:16:16+0100] [ALPM] installed librewolf (108.0.1-1)
[2023-01-17T16:16:16+0100] [ALPM-SCRIPTLET] >>    Remember to check for changes in /usr/lib/librewolf/librewolf.cfg.pacnew
[2023-01-17T16:16:16+0100] [ALPM-SCRIPTLET] >>    as those will not automatically overwrite your existing librewolf.cfg.
[2023-01-17T16:16:16+0100] [ALPM-SCRIPTLET] >>    
[2023-01-17T16:16:16+0100] [ALPM-SCRIPTLET] >>    We would encourage you to migrate your own changes to the new overrides file
[2023-01-17T16:16:16+0100] [ALPM-SCRIPTLET] >>    at ~/.librewolf/librewolf.overrides.cfg instead, so making changes directly
[2023-01-17T16:16:16+0100] [ALPM-SCRIPTLET] >>    in your librewolf.cfg is not necessary anymore (in most cases at least).
[2023-01-17T16:16:16+0100] [ALPM-SCRIPTLET] >>    
[2023-01-17T16:16:16+0100] [ALPM-SCRIPTLET] >>    Check out https://gitlab.com/librewolf-community/settings/-/merge_requests/13
[2023-01-17T16:16:16+0100] [ALPM-SCRIPTLET] >>    for more information on this.
[2023-01-17T16:16:18+0100] [ALPM] installed opera (94.0.4606.65-1)
[2023-01-17T16:16:18+0100] [ALPM] installed xorg-xhost (1.0.9-1)
[2023-01-17T16:16:18+0100] [ALPM] installed numactl (2.0.16-1)
[2023-01-17T16:16:18+0100] [ALPM] installed ghc-libs (9.0.2-1)
[2023-01-17T16:16:18+0100] [ALPM] installed haskell-base-orphans (0.8.7-41)
[2023-01-17T16:16:18+0100] [ALPM] installed haskell-onetuple (0.3.1-49)
[2023-01-17T16:16:18+0100] [ALPM] installed haskell-erf (2.0.0.0-24)
[2023-01-17T16:16:18+0100] [ALPM] installed haskell-splitmix (0.1.0.4-124)
[2023-01-17T16:16:18+0100] [ALPM] installed haskell-random (1.2.1.1-91)
[2023-01-17T16:16:18+0100] [ALPM] installed haskell-quickcheck (2.14.2-393)
[2023-01-17T16:16:18+0100] [ALPM] installed haskell-data-array-byte (0.1.0.1-3)
[2023-01-17T16:16:18+0100] [ALPM] installed haskell-ghc-bignum-orphans (0.1.1-1)
[2023-01-17T16:16:18+0100] [ALPM] installed haskell-hashable (1.4.2.0-7)
[2023-01-17T16:16:18+0100] [ALPM] installed haskell-integer-logarithms (1.0.3.1-6)
[2023-01-17T16:16:18+0100] [ALPM] installed haskell-primitive (0.7.4.0-59)
[2023-01-17T16:16:18+0100] [ALPM] installed haskell-scientific (0.3.7.0-87)
[2023-01-17T16:16:18+0100] [ALPM] installed haskell-attoparsec (0.14.4-48)
[2023-01-17T16:16:19+0100] [ALPM] installed haskell-base-compat (0.12.2-1)
[2023-01-17T16:16:19+0100] [ALPM] installed haskell-base-compat-batteries (0.12.2-34)
[2023-01-17T16:16:19+0100] [ALPM] installed haskell-data-fix (0.3.2-76)
[2023-01-17T16:16:19+0100] [ALPM] installed haskell-dlist (1.0-202)
[2023-01-17T16:16:19+0100] [ALPM] installed haskell-generically (0.1-1)
[2023-01-17T16:16:19+0100] [ALPM] installed haskell-indexed-traversable (0.1.2-2)
[2023-01-17T16:16:19+0100] [ALPM] installed haskell-tagged (0.8.6.1-5)
[2023-01-17T16:16:19+0100] [ALPM] installed haskell-unordered-containers (0.2.19.1-53)
[2023-01-17T16:16:19+0100] [ALPM] installed haskell-vector-stream (0.1.0.0-1)
[2023-01-17T16:16:19+0100] [ALPM] installed haskell-vector (0.13.0.0-29)
[2023-01-17T16:16:19+0100] [ALPM] installed haskell-indexed-traversable-instances (0.1.1.1-30)
[2023-01-17T16:16:19+0100] [ALPM] installed haskell-distributive (0.6.2.1-179)
[2023-01-17T16:16:19+0100] [ALPM] installed haskell-transformers-compat (0.7.2-1)
[2023-01-17T16:16:19+0100] [ALPM] installed haskell-comonad (5.0.8-176)
[2023-01-17T16:16:19+0100] [ALPM] installed haskell-th-abstraction (0.4.5.0-1)
[2023-01-17T16:16:19+0100] [ALPM] installed haskell-bifunctors (5.5.14-7)
[2023-01-17T16:16:19+0100] [ALPM] installed haskell-statevar (1.2.2-2)
[2023-01-17T16:16:19+0100] [ALPM] installed haskell-contravariant (1.5.5-3)
[2023-01-17T16:16:19+0100] [ALPM] installed haskell-semigroupoids (5.3.7-81)
[2023-01-17T16:16:19+0100] [ALPM] installed haskell-assoc (1.0.2-175)
[2023-01-17T16:16:19+0100] [ALPM] installed haskell-these (1.1.1.1-176)
[2023-01-17T16:16:19+0100] [ALPM] installed haskell-semialign (1.2.0.1-97)
[2023-01-17T16:16:19+0100] [ALPM] installed haskell-strict (0.4.0.1-149)
[2023-01-17T16:16:19+0100] [ALPM] installed haskell-text-short (0.1.5-53)
[2023-01-17T16:16:19+0100] [ALPM] installed haskell-time-compat (1.9.6.1-71)
[2023-01-17T16:16:19+0100] [ALPM] installed haskell-uuid-types (1.0.5-91)
[2023-01-17T16:16:19+0100] [ALPM] installed haskell-witherable (0.4.2-38)
[2023-01-17T16:16:19+0100] [ALPM] installed haskell-aeson (2.1.1.0-11)
[2023-01-17T16:16:19+0100] [ALPM] installed haskell-diff (0.4.1-49)
[2023-01-17T16:16:19+0100] [ALPM] installed haskell-fgl (5.8.0.0-12)
[2023-01-17T16:16:19+0100] [ALPM] installed haskell-regex-base (0.94.0.2-2)
[2023-01-17T16:16:19+0100] [ALPM] installed haskell-regex-tdfa (1.3.2-29)
[2023-01-17T16:16:19+0100] [ALPM] installed shellcheck (0.9.0-11)
[2023-01-17T16:16:19+0100] [ALPM] installed openssl-1.1 (1.1.1.s-4)
[2023-01-17T16:16:19+0100] [ALPM] upgraded wayland-protocols (1.26-1 -> 1.31-1)
[2023-01-17T16:16:19+0100] [ALPM] upgraded libgit2 (1:1.4.4-1 -> 1:1.5.0-2)
[2023-01-17T16:16:19+0100] [ALPM] upgraded exa (0.10.1-5 -> 0.10.1-6)
[2023-01-17T16:16:19+0100] [ALPM] upgraded starship (1.9.1-1 -> 1.12.0-3)
[2023-01-17T16:16:19+0100] [ALPM] transaction completed
[2023-01-17T16:16:20+0100] [ALPM] running '30-systemd-update.hook'...
[2023-01-17T16:16:20+0100] [ALPM] running '30-update-mime-database.hook'...
[2023-01-17T16:16:20+0100] [ALPM] running 'ghc-register.hook'...
[2023-01-17T16:16:25+0100] [ALPM] running 'gtk-update-icon-cache.hook'...
[2023-01-17T16:16:25+0100] [ALPM] running 'pacnew-check.hook'...
[2023-01-17T16:16:26+0100] [ALPM] running 'update-desktop-database.hook'...
[2023-01-17T16:16:26+0100] [ALPM] running 'zzz_post.hook'...
[2023-01-17T16:16:27+0100] [PACMAN] Running 'pacman -S --noconfirm xorg-xauth systemd-ui systemdgenie yt-dlp poppler poppler-glib repose pkgfile mate-utils qjournalctl gnome-logs yelp hwinfo usbview hwdetect pacmanlogviewer k3b vlc gparted wayfire-plugins-extra ncdu vnstat gotop tor shellcheck pikaur bat devtools opensnitch axel android-sdk-platform-tools irqbalance ripgrep'
[2023-01-17T16:16:43+0100] [ALPM] running '01-snapshot-reject.hook'...
[2023-01-17T16:16:43+0100] [ALPM] running 'ghc-unregister.hook'...
[2023-01-17T16:16:43+0100] [ALPM] transaction started
[2023-01-17T16:16:43+0100] [ALPM] installed xorg-xauth (1.1.2-1)
[2023-01-17T16:16:43+0100] [ALPM] installed systemd-ui (3-5)
[2023-01-17T16:16:43+0100] [ALPM] installed systemdgenie (0.99.0-4)
[2023-01-17T16:16:43+0100] [ALPM] installed python-certifi (2022.12.07-1)
[2023-01-17T16:16:44+0100] [ALPM] installed yt-dlp (2023.01.06-1)
[2023-01-17T16:16:44+0100] [ALPM] installed poppler (23.01.0-3)
[2023-01-17T16:16:44+0100] [ALPM] upgraded poppler-glib (22.08.0-1 -> 23.01.0-3)
[2023-01-17T16:16:44+0100] [ALPM] installed repose (7.1-7)
[2023-01-17T16:16:44+0100] [ALPM] reinstalled pkgfile (21-2)
[2023-01-17T16:16:44+0100] [ALPM] installed startup-notification (0.12-7)
[2023-01-17T16:16:44+0100] [ALPM] installed mate-desktop (1.26.0-1)
[2023-01-17T16:16:44+0100] [ALPM] installed mate-utils (1.26.0-1)
[2023-01-17T16:16:44+0100] [ALPM] installed qjournalctl (0.6.3-3)
[2023-01-17T16:16:44+0100] [ALPM] upgraded gnome-logs (42.0-1 -> 43.0-1)
[2023-01-17T16:16:44+0100] [ALPM] installed yelp-xsl (42.1-1)
[2023-01-17T16:16:44+0100] [ALPM] installed yelp (42.2-1)
[2023-01-17T16:16:44+0100] [ALPM] upgraded hwinfo (22.1-1 -> 22.2-1)
[2023-01-17T16:16:44+0100] [ALPM] installed usbview (3.0-3)
[2023-01-17T16:16:44+0100] [ALPM-SCRIPTLET] >>> Debugfs must be mounted in order to use usbview.
[2023-01-17T16:16:44+0100] [ALPM-SCRIPTLET] >>> As root execute:
[2023-01-17T16:16:44+0100] [ALPM-SCRIPTLET] >>> "mount -t debugfs none /sys/kernel/debug" or add
[2023-01-17T16:16:44+0100] [ALPM-SCRIPTLET] >>> "none /sys/kernel/debug debugfs defaults 0 0"
[2023-01-17T16:16:44+0100] [ALPM-SCRIPTLET] >>> to /etc/fstab
[2023-01-17T16:16:44+0100] [ALPM] installed hwdetect (2023.01-1)
[2023-01-17T16:16:44+0100] [ALPM] installed pacmanlogviewer (1.4.3-2)
[2023-01-17T16:16:44+0100] [ALPM] installed libmusicbrainz5 (5.1.0-5)
[2023-01-17T16:16:45+0100] [ALPM] installed libkcddb (22.12.1-1)
[2023-01-17T16:16:45+0100] [ALPM] installed kcmutils (5.102.0-1)
[2023-01-17T16:16:45+0100] [ALPM] installed knotifyconfig (5.102.0-1)
[2023-01-17T16:16:45+0100] [ALPM] installed libmad (0.15.1b-9)
[2023-01-17T16:16:45+0100] [ALPM] installed poppler-qt5 (23.01.0-3)
[2023-01-17T16:16:45+0100] [ALPM] installed libzip (1.9.2-1)
[2023-01-17T16:16:45+0100] [ALPM] installed libtommath (1.2.0-3)
[2023-01-17T16:16:45+0100] [ALPM] installed convertlit (1.8-11)
[2023-01-17T16:16:45+0100] [ALPM] installed ebook-tools (0.2.2-7)
[2023-01-17T16:16:45+0100] [ALPM] installed kfilemetadata (5.102.0-1)
[2023-01-17T16:16:45+0100] [ALPM] installed attica (5.102.0-1)
[2023-01-17T16:16:45+0100] [ALPM] installed syndication (5.102.0-1)
[2023-01-17T16:16:45+0100] [ALPM] installed knewstuff (5.102.0-1)
[2023-01-17T16:16:45+0100] [ALPM] installed libburn (1.5.4-1)
[2023-01-17T16:16:45+0100] [ALPM] installed k3b (1:22.12.1-1)
[2023-01-17T16:16:45+0100] [ALPM] installed libdvbpsi (1:1.3.3-2)
[2023-01-17T16:16:45+0100] [ALPM] installed lua52 (5.2.4-5)
[2023-01-17T16:16:45+0100] [ALPM] installed libebml (1.4.4-1)
[2023-01-17T16:16:45+0100] [ALPM] installed libmatroska (1.7.1-1)
[2023-01-17T16:16:45+0100] [ALPM] installed ffmpeg4.4 (4.4.2-3)
[2023-01-17T16:16:45+0100] [ALPM] installed libtar (1.2.20-6)
[2023-01-17T16:16:45+0100] [ALPM] installed libupnp (1.14.15-1)
[2023-01-17T16:16:45+0100] [ALPM] installed vlc (3.0.18-6)
[2023-01-17T16:16:45+0100] [ALPM] installed gparted (1.4.0-1)
[2023-01-17T16:16:45+0100] [ALPM] installed wayfire-plugins-extra (0.7.5-1)
[2023-01-17T16:16:45+0100] [ALPM] installed ncdu (2.2.1-1)
[2023-01-17T16:16:45+0100] [ALPM] installed vnstat (2.10-1)
[2023-01-17T16:16:46+0100] [ALPM] installed gotop (4.2.0-1)
[2023-01-17T16:16:46+0100] [ALPM] installed tor (0.4.7.13-1)
[2023-01-17T16:16:46+0100] [ALPM] reinstalled shellcheck (0.9.0-11)
[2023-01-17T16:16:46+0100] [ALPM] installed pyalpm (0.10.6-4)
[2023-01-17T16:16:46+0100] [ALPM] installed pikaur-git (1.14.7.r25.gf005963-1)
[2023-01-17T16:16:46+0100] [ALPM] upgraded bat (0.21.0-2 -> 0.22.1-1)
[2023-01-17T16:16:46+0100] [ALPM] installed python-configobj (5.0.6.r110.g3e2f4cc-3)
[2023-01-17T16:16:46+0100] [ALPM] installed python-fastbencode (0.1-2)
[2023-01-17T16:16:46+0100] [ALPM] installed python-merge3 (0.0.12-1)
[2023-01-17T16:16:46+0100] [ALPM] installed python-patiencediff (0.2.12-1)
[2023-01-17T16:16:46+0100] [ALPM] installed python-yaml (6.0-1)
[2023-01-17T16:16:46+0100] [ALPM] installed breezy (3.3.1-1)
[2023-01-17T16:16:46+0100] [ALPM] installed devtools (20230105-1)
[2023-01-17T16:16:46+0100] [ALPM] installed libnetfilter_queue (1.0.5-1)
[2023-01-17T16:16:46+0100] [ALPM] installed c-ares (1.18.1-1)
[2023-01-17T16:16:46+0100] [ALPM] installed re2 (1:20221201-2)
[2023-01-17T16:16:46+0100] [ALPM] installed abseil-cpp (20220623.1-1)
[2023-01-17T16:16:46+0100] [ALPM] installed python-grpcio (1.51.1-3)
[2023-01-17T16:16:47+0100] [ALPM] upgraded protobuf (21.4-1 -> 21.12-1)
[2023-01-17T16:16:47+0100] [ALPM] installed python-protobuf (21.12-1)
[2023-01-17T16:16:47+0100] [ALPM] installed python-text-unidecode (1.3-8)
[2023-01-17T16:16:47+0100] [ALPM] installed python-slugify (7.0.0-1)
[2023-01-17T16:16:47+0100] [ALPM] installed python-pyqt5-sip (12.11.0-1)
[2023-01-17T16:16:47+0100] [ALPM] installed python-pyqt5 (5.15.7-3)
[2023-01-17T16:16:47+0100] [ALPM] installed python-pyinotify (0.9.6-11)
[2023-01-17T16:16:47+0100] [ALPM] installed python-notify2 (0.3.1-7)
[2023-01-17T16:16:47+0100] [ALPM] installed opensnitch (1.5.2-1)
[2023-01-17T16:16:47+0100] [ALPM] installed axel (2.17.11-2)
[2023-01-17T16:16:47+0100] [ALPM] installed android-sdk-platform-tools (33.0.3-1)
[2023-01-17T16:16:47+0100] [ALPM-SCRIPTLET] You need to source /etc/profile or relogin to add the Android SDK platform tools to your path.
[2023-01-17T16:16:47+0100] [ALPM] installed irqbalance (1.9.2-1)
[2023-01-17T16:16:47+0100] [ALPM] installed ripgrep (13.0.0-3)
[2023-01-17T16:16:47+0100] [ALPM] transaction completed
[2023-01-17T16:16:48+0100] [ALPM] running '20-systemd-sysusers.hook'...
[2023-01-17T16:16:48+0100] [ALPM-SCRIPTLET] Creating group 'tor' with GID 43.
[2023-01-17T16:16:48+0100] [ALPM-SCRIPTLET] Creating user 'tor' (n/a) with UID 43 and GID 43.
[2023-01-17T16:16:48+0100] [ALPM] running '30-systemd-daemon-reload.hook'...
[2023-01-17T16:16:48+0100] [ALPM] running '30-systemd-tmpfiles.hook'...
[2023-01-17T16:16:48+0100] [ALPM] running '30-systemd-update.hook'...
[2023-01-17T16:16:49+0100] [ALPM] running '30-update-mime-database.hook'...
[2023-01-17T16:16:49+0100] [ALPM] running 'dbus-reload.hook'...
[2023-01-17T16:16:49+0100] [ALPM] running 'ghc-register.hook'...
[2023-01-17T16:16:49+0100] [ALPM] running 'glib-compile-schemas.hook'...
[2023-01-17T16:16:49+0100] [ALPM] running 'gtk-update-icon-cache.hook'...
[2023-01-17T16:16:49+0100] [ALPM] running 'pacnew-check.hook'...
[2023-01-17T16:16:50+0100] [ALPM] running 'update-desktop-database.hook'...
[2023-01-17T16:16:50+0100] [ALPM] running 'update-vlc-plugin-cache.hook'...
[2023-01-17T16:16:51+0100] [ALPM] running 'zzz_post.hook'...
[2023-01-17T16:16:53+0100] [PACMAN] Running 'pacman -S --noconfirm proxychains-ng conky alacritty python-stem flatpak'
[2023-01-17T16:16:55+0100] [ALPM] running '01-snapshot-reject.hook'...
[2023-01-17T16:16:55+0100] [ALPM] transaction started
[2023-01-17T16:16:55+0100] [ALPM] installed proxychains-ng (4.16-2)
[2023-01-17T16:16:55+0100] [ALPM] installed libxnvctrl (525.78.01-1)
[2023-01-17T16:16:55+0100] [ALPM] upgraded xz (5.2.6-1 -> 5.4.1-1)
[2023-01-17T16:16:55+0100] [ALPM] installed conky (1.17.0-1)
[2023-01-17T16:16:55+0100] [ALPM] upgraded alacritty (0.10.1-2 -> 0.11.0-2)
[2023-01-17T16:16:55+0100] [ALPM] installed python-pynacl (1.4.0-5)
[2023-01-17T16:16:55+0100] [ALPM] installed python-stem (1.8.0-6)
[2023-01-17T16:16:55+0100] [ALPM] installed ostree (2022.7-1)
[2023-01-17T16:16:55+0100] [ALPM] installed libmalcontent (0.11.0-1)
[2023-01-17T16:16:56+0100] [ALPM] installed flatpak (1:1.15.1-1)
[2023-01-17T16:16:56+0100] [ALPM] transaction completed
[2023-01-17T16:16:56+0100] [ALPM] running '20-systemd-sysusers.hook'...
[2023-01-17T16:16:56+0100] [ALPM-SCRIPTLET] Creating group 'flatpak' with GID 961.
[2023-01-17T16:16:56+0100] [ALPM-SCRIPTLET] Creating user 'flatpak' (Flatpak system helper) with UID 961 and GID 961.
[2023-01-17T16:16:56+0100] [ALPM] running '30-systemd-daemon-reload.hook'...
[2023-01-17T16:16:56+0100] [ALPM] running '30-systemd-tmpfiles.hook'...
[2023-01-17T16:16:57+0100] [ALPM] running '30-systemd-update.hook'...
[2023-01-17T16:16:57+0100] [ALPM] running '90-mkinitcpio-install.hook'...
[2023-01-17T16:16:57+0100] [ALPM-SCRIPTLET] ==> Building image from preset: /etc/mkinitcpio.d/linux-zen.preset: 'default'
[2023-01-17T16:16:57+0100] [ALPM-SCRIPTLET]   -> -k /boot/vmlinuz-linux-zen -c /etc/mkinitcpio.conf -g /boot/initramfs-linux-zen.img
[2023-01-17T16:16:57+0100] [ALPM-SCRIPTLET] ==> Starting build: 5.19.2-zen1-2-zen
[2023-01-17T16:16:57+0100] [ALPM-SCRIPTLET]   -> Running build hook: [base]
[2023-01-17T16:16:58+0100] [ALPM-SCRIPTLET]   -> Running build hook: [udev]
[2023-01-17T16:16:59+0100] [ALPM-SCRIPTLET]   -> Running build hook: [autodetect]
[2023-01-17T16:16:59+0100] [ALPM-SCRIPTLET]   -> Running build hook: [modconf]
[2023-01-17T16:16:59+0100] [ALPM-SCRIPTLET]   -> Running build hook: [block]
[2023-01-17T16:17:01+0100] [ALPM-SCRIPTLET] ==> WARNING: Possibly missing firmware for module: xhci_pci
[2023-01-17T16:17:02+0100] [ALPM-SCRIPTLET]   -> Running build hook: [filesystems]
[2023-01-17T16:17:02+0100] [ALPM-SCRIPTLET]   -> Running build hook: [keyboard]
[2023-01-17T16:17:02+0100] [ALPM-SCRIPTLET]   -> Running build hook: [fsck]
[2023-01-17T16:17:02+0100] [ALPM-SCRIPTLET] ==> ERROR: file not found: `fsck.overlay'
[2023-01-17T16:17:02+0100] [ALPM-SCRIPTLET] ==> WARNING: No fsck helpers found. fsck will not be run on boot.
[2023-01-17T16:17:02+0100] [ALPM-SCRIPTLET]   -> Running build hook: [grub-btrfs-overlayfs]
[2023-01-17T16:17:03+0100] [ALPM-SCRIPTLET] ==> Generating module dependencies
[2023-01-17T16:17:03+0100] [ALPM-SCRIPTLET] ==> Creating zstd-compressed initcpio image: /boot/initramfs-linux-zen.img
[2023-01-17T16:17:04+0100] [ALPM-SCRIPTLET] ==> WARNING: errors were encountered during the build. The image may not be complete.
[2023-01-17T16:17:04+0100] [ALPM-SCRIPTLET] ==> Building image from preset: /etc/mkinitcpio.d/linux-zen.preset: 'fallback'
[2023-01-17T16:17:04+0100] [ALPM-SCRIPTLET]   -> -k /boot/vmlinuz-linux-zen -c /etc/mkinitcpio.conf -g /boot/initramfs-linux-zen-fallback.img -S autodetect
[2023-01-17T16:17:04+0100] [ALPM-SCRIPTLET] ==> Starting build: 5.19.2-zen1-2-zen
[2023-01-17T16:17:04+0100] [ALPM-SCRIPTLET]   -> Running build hook: [base]
[2023-01-17T16:17:05+0100] [ALPM-SCRIPTLET]   -> Running build hook: [udev]
[2023-01-17T16:17:05+0100] [ALPM-SCRIPTLET]   -> Running build hook: [modconf]
[2023-01-17T16:17:05+0100] [ALPM-SCRIPTLET]   -> Running build hook: [block]
[2023-01-17T16:17:07+0100] [ALPM-SCRIPTLET] ==> WARNING: Possibly missing firmware for module: aic94xx
[2023-01-17T16:17:07+0100] [ALPM-SCRIPTLET] ==> WARNING: Possibly missing firmware for module: bfa
[2023-01-17T16:17:09+0100] [ALPM-SCRIPTLET] ==> WARNING: Possibly missing firmware for module: qed
[2023-01-17T16:17:09+0100] [ALPM-SCRIPTLET] ==> WARNING: Possibly missing firmware for module: qla1280
[2023-01-17T16:17:09+0100] [ALPM-SCRIPTLET] ==> WARNING: Possibly missing firmware for module: qla2xxx
[2023-01-17T16:17:10+0100] [ALPM-SCRIPTLET] ==> WARNING: Possibly missing firmware for module: wd719x
[2023-01-17T16:17:11+0100] [ALPM-SCRIPTLET] ==> WARNING: Possibly missing firmware for module: xhci_pci
[2023-01-17T16:17:14+0100] [ALPM-SCRIPTLET]   -> Running build hook: [filesystems]
[2023-01-17T16:17:18+0100] [ALPM-SCRIPTLET]   -> Running build hook: [keyboard]
[2023-01-17T16:17:21+0100] [ALPM-SCRIPTLET]   -> Running build hook: [fsck]
[2023-01-17T16:17:22+0100] [ALPM-SCRIPTLET]   -> Running build hook: [grub-btrfs-overlayfs]
[2023-01-17T16:17:23+0100] [ALPM-SCRIPTLET] ==> Generating module dependencies
[2023-01-17T16:17:23+0100] [ALPM-SCRIPTLET] ==> Creating zstd-compressed initcpio image: /boot/initramfs-linux-zen-fallback.img
[2023-01-17T16:17:24+0100] [ALPM-SCRIPTLET] ==> Image generation successful
[2023-01-17T16:17:24+0100] [ALPM] running 'dbus-reload.hook'...
[2023-01-17T16:17:24+0100] [ALPM] running 'gtk-update-icon-cache.hook'...
[2023-01-17T16:17:24+0100] [ALPM] running 'pacnew-check.hook'...
[2023-01-17T16:17:24+0100] [ALPM] running 'update-desktop-database.hook'...
[2023-01-17T16:17:24+0100] [ALPM] running 'zzz_post.hook'...
[2023-01-17T16:17:28+0100] [PACMAN] Running 'pacman -Rdd --noconfirm hostapd'
[2023-01-17T16:17:28+0100] [ALPM] running '01-snapshot-reject.hook'...
[2023-01-17T16:17:28+0100] [ALPM] transaction started
[2023-01-17T16:17:28+0100] [ALPM] removed hostapd (2.10-1)
[2023-01-17T16:17:28+0100] [ALPM] transaction completed
[2023-01-17T16:17:28+0100] [ALPM] running '30-systemd-daemon-reload.hook'...
[2023-01-17T16:17:29+0100] [ALPM] running '30-systemd-update.hook'...
[2023-01-17T16:17:29+0100] [ALPM] running 'pacnew-check.hook'...
[2023-01-17T16:17:29+0100] [ALPM] running 'zzz_post.hook'...
[2023-01-17T16:17:42+0100] [PACMAN] Running 'pacman --color=always --sync --noconfirm wl-clipboard-rs libelf'
[2023-01-17T16:17:43+0100] [ALPM] running '01-snapshot-reject.hook'...
[2023-01-17T16:17:43+0100] [ALPM] transaction started
[2023-01-17T16:17:43+0100] [ALPM] installed wl-clipboard-rs (0.7.0-1)
[2023-01-17T16:17:43+0100] [ALPM] installed libelf (0.188-1)
[2023-01-17T16:17:43+0100] [ALPM] transaction completed
[2023-01-17T16:17:43+0100] [ALPM] running '30-systemd-update.hook'...
[2023-01-17T16:17:43+0100] [ALPM] running 'pacnew-check.hook'...
[2023-01-17T16:17:44+0100] [ALPM] running 'zzz_post.hook'...
[2023-01-17T16:17:45+0100] [PACMAN] Running 'pacman --color=always --noconfirm --sync --asdeps go'
[2023-01-17T16:17:50+0100] [ALPM] running '01-snapshot-reject.hook'...
[2023-01-17T16:17:50+0100] [ALPM] transaction started
[2023-01-17T16:17:53+0100] [ALPM] installed go (2:1.19.5-1)
[2023-01-17T16:17:53+0100] [ALPM] transaction completed
[2023-01-17T16:17:54+0100] [ALPM] running '30-systemd-update.hook'...
[2023-01-17T16:17:54+0100] [ALPM] running 'pacnew-check.hook'...
[2023-01-17T16:17:54+0100] [ALPM] running 'zzz_post.hook'...
[2023-01-17T16:18:11+0100] [PACMAN] Running 'pacman --color=always --noconfirm --remove go'
[2023-01-17T16:18:11+0100] [ALPM] running '01-snapshot-reject.hook'...
[2023-01-17T16:18:11+0100] [ALPM] transaction started
[2023-01-17T16:18:12+0100] [ALPM] removed go (2:1.19.5-1)
[2023-01-17T16:18:12+0100] [ALPM] transaction completed
[2023-01-17T16:18:13+0100] [ALPM] running '30-systemd-update.hook'...
[2023-01-17T16:18:13+0100] [ALPM] running 'pacnew-check.hook'...
[2023-01-17T16:18:13+0100] [ALPM] running 'zzz_post.hook'...
[2023-01-17T16:19:02+0100] [PACMAN] Running 'pacman --color=always --upgrade --noconfirm /home/garuda/.cache/pikaur/pkg/go-dispatch-proxy-git-6.0.0-1-x86_64.pkg.tar.zst /home/garuda/.cache/pikaur/pkg/redsocks-0.5-3-x86_64.pkg.tar.zst /home/garuda/.cache/pikaur/pkg/hostapd-mana-git-20210920.1302a72-1-x86_64.pkg.tar.zst'
[2023-01-17T16:19:03+0100] [ALPM] running '01-snapshot-reject.hook'...
[2023-01-17T16:19:03+0100] [ALPM] transaction started
[2023-01-17T16:19:03+0100] [ALPM] installed go-dispatch-proxy-git (6.0.0-1)
[2023-01-17T16:19:03+0100] [ALPM] installed redsocks (0.5-3)
[2023-01-17T16:19:03+0100] [ALPM-SCRIPTLET] To launch redsocks:
[2023-01-17T16:19:03+0100] [ALPM-SCRIPTLET] 
[2023-01-17T16:19:03+0100] [ALPM-SCRIPTLET] 1. Start an ssh tunnel on port 4711
[2023-01-17T16:19:03+0100] [ALPM-SCRIPTLET] 2. Start the redsocks and iptables daemons:
[2023-01-17T16:19:03+0100] [ALPM-SCRIPTLET] 3. Load the redsocks iptables rules:
[2023-01-17T16:19:03+0100] [ALPM-SCRIPTLET] 
[2023-01-17T16:19:03+0100] [ALPM-SCRIPTLET]     iptables-restore /etc/iptables/redsocks.rules
[2023-01-17T16:19:03+0100] [ALPM] installed hostapd-mana-git (20210920.1302a72-1)
[2023-01-17T16:19:03+0100] [ALPM] transaction completed
[2023-01-17T16:19:03+0100] [ALPM] running '20-systemd-sysusers.hook'...
[2023-01-17T16:19:03+0100] [ALPM-SCRIPTLET] Creating group 'redsocks' with GID 960.
[2023-01-17T16:19:03+0100] [ALPM-SCRIPTLET] Creating user 'redsocks' (redsocks nologin sysuser) with UID 960 and GID 960.
[2023-01-17T16:19:03+0100] [ALPM] running '30-systemd-daemon-reload.hook'...
[2023-01-17T16:19:04+0100] [ALPM] running '30-systemd-tmpfiles.hook'...
[2023-01-17T16:19:04+0100] [ALPM] running '30-systemd-update.hook'...
[2023-01-17T16:19:04+0100] [ALPM] running 'pacnew-check.hook'...
[2023-01-17T16:19:04+0100] [ALPM] running 'zzz_post.hook'...
[2023-01-17T16:19:14+0100] [PACMAN] Running 'pacman --color=always --sync --noconfirm hotspot'
[2023-01-17T16:19:16+0100] [ALPM] running '01-snapshot-reject.hook'...
[2023-01-17T16:19:16+0100] [ALPM] transaction started
[2023-01-17T16:19:16+0100] [ALPM] installed elfutils (0.188-1)
[2023-01-17T16:19:16+0100] [ALPM] installed threadweaver (5.102.0-1)
[2023-01-17T16:19:16+0100] [ALPM] installed kddockwidgets (1.5.0-1)
[2023-01-17T16:19:16+0100] [ALPM] installed kparts (5.102.0-1)
[2023-01-17T16:19:16+0100] [ALPM] installed rustc-demangle (0.1.21-1)
[2023-01-17T16:19:16+0100] [ALPM] installed hotspot (1.4.1-1)
[2023-01-17T16:19:16+0100] [ALPM] transaction completed
[2023-01-17T16:19:16+0100] [ALPM] running '30-systemd-update.hook'...
[2023-01-17T16:19:16+0100] [ALPM] running 'dbus-reload.hook'...
[2023-01-17T16:19:16+0100] [ALPM] running 'gtk-update-icon-cache.hook'...
[2023-01-17T16:19:16+0100] [ALPM] running 'pacnew-check.hook'...
[2023-01-17T16:19:17+0100] [ALPM] running 'update-desktop-database.hook'...
[2023-01-17T16:19:17+0100] [ALPM] running 'zzz_post.hook'...
[2023-01-17T16:20:08+0100] [PACMAN] Running 'pacman --color=always --upgrade --noconfirm /home/garuda/.cache/pikaur/pkg/libva-vdpau-driver-wayland-0.7.4-1-x86_64.pkg.tar.zst /home/garuda/.cache/pikaur/pkg/opera-proxy-1.2.2-1-x86_64.pkg.tar.zst /home/garuda/.cache/pikaur/pkg/ix-1.0-1-any.pkg.tar.zst /home/garuda/.cache/pikaur/pkg/archtorify-git-v1.30.1.r0.g91aece4-1-any.pkg.tar.zst /home/garuda/.cache/pikaur/pkg/wvkbd-0.12-1-x86_64.pkg.tar.zst'
[2023-01-17T16:20:08+0100] [ALPM] running '01-snapshot-reject.hook'...
[2023-01-17T16:20:08+0100] [ALPM] transaction started
[2023-01-17T16:20:08+0100] [ALPM] installed libva-vdpau-driver-wayland (0.7.4-1)
[2023-01-17T16:20:08+0100] [ALPM] installed opera-proxy (1.2.2-1)
[2023-01-17T16:20:08+0100] [ALPM] installed ix (1.0-1)
[2023-01-17T16:20:08+0100] [ALPM] installed archtorify-git (v1.30.1.r0.g91aece4-1)
[2023-01-17T16:20:08+0100] [ALPM] installed wvkbd (0.12-1)
[2023-01-17T16:20:08+0100] [ALPM] transaction completed
[2023-01-17T16:20:08+0100] [ALPM] running '30-systemd-update.hook'...
[2023-01-17T16:20:08+0100] [ALPM] running 'pacnew-check.hook'...
[2023-01-17T16:20:09+0100] [ALPM] running 'zzz_post.hook'...
[2023-01-17T16:20:10+0100] [PACMAN] Running 'pacman -Rdd --noconfirm wlroots'
[2023-01-17T16:20:10+0100] [ALPM] running '01-snapshot-reject.hook'...
[2023-01-17T16:20:10+0100] [ALPM] transaction started
[2023-01-17T16:20:10+0100] [ALPM] removed wlroots (0.16.1-2)
[2023-01-17T16:20:10+0100] [ALPM] transaction completed
[2023-01-17T16:20:10+0100] [ALPM] running '30-systemd-update.hook'...
[2023-01-17T16:20:11+0100] [ALPM] running 'pacnew-check.hook'...
[2023-01-17T16:20:11+0100] [ALPM] running 'zzz_post.hook'...
[2023-01-17T16:20:15+0100] [PACMAN] Running '/usr/bin/pacman --noconfirm -S --asdeps meson ninja vulkan-headers'
[2023-01-17T16:20:17+0100] [ALPM] running '01-snapshot-reject.hook'...
[2023-01-17T16:20:17+0100] [ALPM] transaction started
[2023-01-17T16:20:17+0100] [ALPM] installed ninja (1.11.1-2)
[2023-01-17T16:20:17+0100] [ALPM] installed meson (1.0.0-2)
[2023-01-17T16:20:17+0100] [ALPM] installed vulkan-headers (1:1.3.235-1)
[2023-01-17T16:20:17+0100] [ALPM] transaction completed
[2023-01-17T16:20:17+0100] [ALPM] running '30-systemd-update.hook'...
[2023-01-17T16:20:17+0100] [ALPM] running 'pacnew-check.hook'...
[2023-01-17T16:20:18+0100] [ALPM] running 'zzz_post.hook'...
[2023-01-17T16:21:04+0100] [PACMAN] Running '/usr/bin/pacman --noconfirm -U /home/garuda/.cache/wlroots-nvidia/wlroots-nvidia-0.16.1-1-x86_64.pkg.tar.zst'
[2023-01-17T16:21:04+0100] [ALPM] running '01-snapshot-reject.hook'...
[2023-01-17T16:21:04+0100] [ALPM] transaction started
[2023-01-17T16:21:04+0100] [ALPM] installed wlroots-nvidia (0.16.1-1)
[2023-01-17T16:21:04+0100] [ALPM] transaction completed
[2023-01-17T16:21:04+0100] [ALPM] running '30-systemd-update.hook'...
[2023-01-17T16:21:04+0100] [ALPM] running 'pacnew-check.hook'...
[2023-01-17T16:21:04+0100] [ALPM] running 'zzz_post.hook'...
[2023-01-17T16:21:08+0100] [PACMAN] Running 'pacman -S strace'
[2023-01-17T16:22:03+0100] [PACMAN] Running 'pacman -S --noconfirm libreoffice-fresh-de libreoffice-fresh-fr libreoffice-fresh-da libreoffice-fresh-de libreoffice-fresh-ru libreoffice-fresh-zh-cn libreoffice-fresh-nl libreoffice-fresh-sa-in libreoffice-fresh-es libreoffice-fresh-it'
[2023-01-17T16:22:18+0100] [ALPM] running '01-snapshot-reject.hook'...
[2023-01-17T16:22:18+0100] [ALPM] transaction started
[2023-01-17T16:22:18+0100] [ALPM] installed hunspell (1.7.2-1)
[2023-01-17T16:22:18+0100] [ALPM] installed librevenge (0.0.5-2)
[2023-01-17T16:22:18+0100] [ALPM] installed libwpd (0.10.3-4)
[2023-01-17T16:22:18+0100] [ALPM] installed libwps (0.4.13-1)
[2023-01-17T16:22:18+0100] [ALPM] installed rasqal (1:0.9.33-5)
[2023-01-17T16:22:18+0100] [ALPM] installed redland (1:1.0.17-8)
[2023-01-17T16:22:18+0100] [ALPM] installed lpsolve (5.5.2.11-2)
[2023-01-17T16:22:18+0100] [ALPM] installed libwpg (0.3.3-4)
[2023-01-17T16:22:18+0100] [ALPM] installed libvisio (0.1.7-8)
[2023-01-17T16:22:18+0100] [ALPM] installed liblangtag (0.6.4-1)
[2023-01-17T16:22:18+0100] [ALPM] installed libetonyek (0.1.10-3)
[2023-01-17T16:22:18+0100] [ALPM] installed libodfgen (0.1.8-2)
[2023-01-17T16:22:18+0100] [ALPM] installed libcdr (0.1.7-5)
[2023-01-17T16:22:18+0100] [ALPM] installed libmspub (0.1.4-13)
[2023-01-17T16:22:18+0100] [ALPM] installed clucene (2.3.3.4-13)
[2023-01-17T16:22:18+0100] [ALPM] installed libpagemaker (0.0.4-3)
[2023-01-17T16:22:18+0100] [ALPM] installed libabw (0.1.3-3)
[2023-01-17T16:22:19+0100] [ALPM] installed libmwaw (0.3.21-3)
[2023-01-17T16:22:19+0100] [ALPM] installed libe-book (0.1.3-13)
[2023-01-17T16:22:19+0100] [ALPM] installed libexttextcat (3.4.6-1)
[2023-01-17T16:22:19+0100] [ALPM] installed libixion (0.17.0-3)
[2023-01-17T16:22:19+0100] [ALPM] installed liborcus (0.17.2-3)
[2023-01-17T16:22:19+0100] [ALPM] installed libzmf (0.0.2-13)
[2023-01-17T16:22:19+0100] [ALPM] installed libatomic_ops (7.6.14-1)
[2023-01-17T16:22:19+0100] [ALPM] installed libnumbertext (1.0.11-1)
[2023-01-17T16:22:19+0100] [ALPM] installed libfreehand (0.1.2-4)
[2023-01-17T16:22:19+0100] [ALPM] installed libstaroffice (0.0.7-2)
[2023-01-17T16:22:19+0100] [ALPM] installed libepubgen (0.1.1-4)
[2023-01-17T16:22:19+0100] [ALPM] installed libqxp (0.0.2-9)
[2023-01-17T16:22:19+0100] [ALPM] installed box2d (2.4.1-1)
[2023-01-17T16:22:22+0100] [ALPM] installed libreoffice-fresh (7.4.4-1)
[2023-01-17T16:22:22+0100] [ALPM] installed libreoffice-fresh-de (7.4.4-1)
[2023-01-17T16:22:23+0100] [ALPM] installed libreoffice-fresh-fr (7.4.4-1)
[2023-01-17T16:22:23+0100] [ALPM] installed libreoffice-fresh-da (7.4.4-1)
[2023-01-17T16:22:23+0100] [ALPM] installed libreoffice-fresh-ru (7.4.4-1)
[2023-01-17T16:22:24+0100] [ALPM] installed libreoffice-fresh-zh-cn (7.4.4-1)
[2023-01-17T16:22:24+0100] [ALPM] installed libreoffice-fresh-nl (7.4.4-1)
[2023-01-17T16:22:24+0100] [ALPM] installed libreoffice-fresh-sa-in (7.4.4-1)
[2023-01-17T16:22:24+0100] [ALPM] installed libreoffice-fresh-es (7.4.4-1)
[2023-01-17T16:22:25+0100] [ALPM] installed libreoffice-fresh-it (7.4.4-1)
[2023-01-17T16:22:25+0100] [ALPM] transaction completed
[2023-01-17T16:22:26+0100] [ALPM] running '30-systemd-update.hook'...
[2023-01-17T16:22:26+0100] [ALPM] running '30-update-mime-database.hook'...
[2023-01-17T16:22:27+0100] [ALPM] running 'gtk-update-icon-cache.hook'...
[2023-01-17T16:22:27+0100] [ALPM] running 'pacnew-check.hook'...
[2023-01-17T16:22:27+0100] [ALPM] running 'update-desktop-database.hook'...
[2023-01-17T16:22:27+0100] [ALPM] running 'zzz_post.hook'...
[2023-01-17T16:32:15+0100] [PACMAN] Running 'pacman --color=always --sync --noconfirm rtl88x2bu-dkms-git dnsmasq'
[2023-01-17T16:32:16+0100] [ALPM] running '01-snapshot-reject.hook'...
[2023-01-17T16:32:16+0100] [ALPM] transaction started
[2023-01-17T16:32:16+0100] [ALPM] installed dkms (3.0.9-1)
[2023-01-17T16:32:16+0100] [ALPM] installed rtl88x2bu-dkms-git (5.13.1.r179.a2ac3b2-1)
[2023-01-17T16:32:16+0100] [ALPM] upgraded dnsmasq (2.86-2 -> 2.88-1)
[2023-01-17T16:32:17+0100] [ALPM] transaction completed
[2023-01-17T16:32:17+0100] [ALPM] running '20-systemd-sysusers.hook'...
[2023-01-17T16:32:17+0100] [ALPM] running '30-systemd-daemon-reload.hook'...
[2023-01-17T16:32:17+0100] [ALPM] running '30-systemd-update.hook'...
[2023-01-17T16:32:17+0100] [ALPM] running '70-dkms-install.hook'...
[2023-01-17T16:32:18+0100] [ALPM-SCRIPTLET] ==> dkms install --no-depmod rtl88x2bu/5.13.1.r179.a2ac3b2 -k 5.19.2-zen1-2-zen
[2023-01-17T16:34:44+0100] [ALPM-SCRIPTLET] ==> depmod 5.19.2-zen1-2-zen
[2023-01-17T16:34:52+0100] [ALPM] running '90-mkinitcpio-install.hook'...
[2023-01-17T16:34:52+0100] [ALPM-SCRIPTLET] ==> Building image from preset: /etc/mkinitcpio.d/linux-zen.preset: 'default'
[2023-01-17T16:34:52+0100] [ALPM-SCRIPTLET]   -> -k /boot/vmlinuz-linux-zen -c /etc/mkinitcpio.conf -g /boot/initramfs-linux-zen.img
[2023-01-17T16:34:52+0100] [ALPM-SCRIPTLET] ==> Starting build: 5.19.2-zen1-2-zen
[2023-01-17T16:34:52+0100] [ALPM-SCRIPTLET]   -> Running build hook: [base]
[2023-01-17T16:34:53+0100] [ALPM-SCRIPTLET]   -> Running build hook: [udev]
[2023-01-17T16:34:53+0100] [ALPM-SCRIPTLET]   -> Running build hook: [autodetect]
[2023-01-17T16:34:54+0100] [ALPM-SCRIPTLET]   -> Running build hook: [modconf]
[2023-01-17T16:34:54+0100] [ALPM-SCRIPTLET]   -> Running build hook: [block]
[2023-01-17T16:34:55+0100] [ALPM-SCRIPTLET] ==> WARNING: Possibly missing firmware for module: xhci_pci
[2023-01-17T16:34:56+0100] [ALPM-SCRIPTLET]   -> Running build hook: [filesystems]
[2023-01-17T16:34:56+0100] [ALPM-SCRIPTLET]   -> Running build hook: [keyboard]
[2023-01-17T16:34:56+0100] [ALPM-SCRIPTLET]   -> Running build hook: [fsck]
[2023-01-17T16:34:56+0100] [ALPM-SCRIPTLET] ==> ERROR: file not found: `fsck.overlay'
[2023-01-17T16:34:56+0100] [ALPM-SCRIPTLET] ==> WARNING: No fsck helpers found. fsck will not be run on boot.
[2023-01-17T16:34:56+0100] [ALPM-SCRIPTLET]   -> Running build hook: [grub-btrfs-overlayfs]
[2023-01-17T16:34:57+0100] [ALPM-SCRIPTLET] ==> Generating module dependencies
[2023-01-17T16:34:57+0100] [ALPM-SCRIPTLET] ==> Creating zstd-compressed initcpio image: /boot/initramfs-linux-zen.img
[2023-01-17T16:34:57+0100] [ALPM-SCRIPTLET] ==> WARNING: errors were encountered during the build. The image may not be complete.
[2023-01-17T16:34:57+0100] [ALPM-SCRIPTLET] ==> Building image from preset: /etc/mkinitcpio.d/linux-zen.preset: 'fallback'
[2023-01-17T16:34:57+0100] [ALPM-SCRIPTLET]   -> -k /boot/vmlinuz-linux-zen -c /etc/mkinitcpio.conf -g /boot/initramfs-linux-zen-fallback.img -S autodetect
[2023-01-17T16:34:57+0100] [ALPM-SCRIPTLET] ==> Starting build: 5.19.2-zen1-2-zen
[2023-01-17T16:34:57+0100] [ALPM-SCRIPTLET]   -> Running build hook: [base]
[2023-01-17T16:34:58+0100] [ALPM-SCRIPTLET]   -> Running build hook: [udev]
[2023-01-17T16:34:59+0100] [ALPM-SCRIPTLET]   -> Running build hook: [modconf]
[2023-01-17T16:34:59+0100] [ALPM-SCRIPTLET]   -> Running build hook: [block]
[2023-01-17T16:35:00+0100] [ALPM-SCRIPTLET] ==> WARNING: Possibly missing firmware for module: aic94xx
[2023-01-17T16:35:00+0100] [ALPM-SCRIPTLET] ==> WARNING: Possibly missing firmware for module: bfa
[2023-01-17T16:35:01+0100] [ALPM-SCRIPTLET] ==> WARNING: Possibly missing firmware for module: qed
[2023-01-17T16:35:01+0100] [ALPM-SCRIPTLET] ==> WARNING: Possibly missing firmware for module: qla1280
[2023-01-17T16:35:01+0100] [ALPM-SCRIPTLET] ==> WARNING: Possibly missing firmware for module: qla2xxx
[2023-01-17T16:35:02+0100] [ALPM-SCRIPTLET] ==> WARNING: Possibly missing firmware for module: wd719x
[2023-01-17T16:35:03+0100] [ALPM-SCRIPTLET] ==> WARNING: Possibly missing firmware for module: xhci_pci
[2023-01-17T16:35:05+0100] [ALPM-SCRIPTLET]   -> Running build hook: [filesystems]
[2023-01-17T16:35:08+0100] [ALPM-SCRIPTLET]   -> Running build hook: [keyboard]
[2023-01-17T16:35:10+0100] [ALPM-SCRIPTLET]   -> Running build hook: [fsck]
[2023-01-17T16:35:11+0100] [ALPM-SCRIPTLET]   -> Running build hook: [grub-btrfs-overlayfs]
[2023-01-17T16:35:12+0100] [ALPM-SCRIPTLET] ==> Generating module dependencies
[2023-01-17T16:35:12+0100] [ALPM-SCRIPTLET] ==> Creating zstd-compressed initcpio image: /boot/initramfs-linux-zen-fallback.img
[2023-01-17T16:35:13+0100] [ALPM-SCRIPTLET] ==> Image generation successful
[2023-01-17T16:35:13+0100] [ALPM] running 'dbus-reload.hook'...
[2023-01-17T16:35:13+0100] [ALPM] running 'pacnew-check.hook'...
[2023-01-17T16:35:15+0100] [ALPM] running 'zzz_post.hook'...
[2023-01-17T16:35:27+0100] [PACMAN] Running 'pacman --color=always --sync --noconfirm linux-wifi-hotspot'
[2023-01-17T16:35:28+0100] [ALPM] running '01-snapshot-reject.hook'...
[2023-01-17T16:35:28+0100] [ALPM] transaction started
[2023-01-17T16:35:29+0100] [ALPM] warning: directory permissions differ on /usr/share/polkit-1/rules.d/
filesystem: 750  package: 755
[2023-01-17T16:35:29+0100] [ALPM] upgraded linux-wifi-hotspot (4.4.0-1 -> 4.4.0-1.1)
[2023-01-17T16:35:29+0100] [ALPM] transaction completed
[2023-01-17T16:35:29+0100] [ALPM] running '30-systemd-daemon-reload.hook'...
[2023-01-17T16:35:30+0100] [ALPM] running '30-systemd-update.hook'...
[2023-01-17T16:35:30+0100] [ALPM] running 'gtk-update-icon-cache.hook'...
[2023-01-17T16:35:30+0100] [ALPM] running 'pacnew-check.hook'...
[2023-01-17T16:35:30+0100] [ALPM] running 'update-desktop-database.hook'...
[2023-01-17T16:35:31+0100] [ALPM] running 'zzz_post.hook'...
[2023-01-17T16:36:03+0100] [PACMAN] Running 'pacman --color=always --upgrade --noconfirm /home/garuda/.cache/pikaur/pkg/hostapd-mana-git-20210920.1302a72-1-x86_64.pkg.tar.zst'
[2023-01-17T16:36:03+0100] [ALPM] running '01-snapshot-reject.hook'...
[2023-01-17T16:36:03+0100] [ALPM] transaction started
[2023-01-17T16:36:04+0100] [ALPM] reinstalled hostapd-mana-git (20210920.1302a72-1)
[2023-01-17T16:36:04+0100] [ALPM] transaction completed
[2023-01-17T16:36:04+0100] [ALPM] running '30-systemd-daemon-reload.hook'...
[2023-01-17T16:36:04+0100] [ALPM] running '30-systemd-update.hook'...
[2023-01-17T16:36:04+0100] [ALPM] running 'pacnew-check.hook'...
[2023-01-17T16:36:05+0100] [ALPM] running 'zzz_post.hook'...
